{"numTotalTestSuites":9,"numPassedTestSuites":9,"numFailedTestSuites":0,"numPendingTestSuites":0,"numTotalTests":103,"numPassedTests":103,"numFailedTests":0,"numPendingTests":0,"numTodoTests":0,"snapshot":{"added":0,"failure":false,"filesAdded":0,"filesRemoved":0,"filesRemovedList":[],"filesUnmatched":0,"filesUpdated":0,"matched":0,"total":0,"unchecked":0,"uncheckedKeysByFile":[],"unmatched":0,"updated":0,"didUpdate":false},"startTime":1784665583919,"success":true,"testResults":[{"assertionResults":[{"ancestorTitles":["EditForm"],"fullName":"EditForm renders with all fields populated","status":"passed","title":"renders with all fields populated","duration":58.97870000000012,"failureMessages":[],"meta":{}},{"ancestorTitles":["EditForm"],"fullName":"EditForm calls onNameChange when name input changes","status":"passed","title":"calls onNameChange when name input changes","duration":8.369200000000092,"failureMessages":[],"meta":{}},{"ancestorTitles":["EditForm"],"fullName":"EditForm calls onCampaignChange when campaign input changes","status":"passed","title":"calls onCampaignChange when campaign input changes","duration":4.263999999999896,"failureMessages":[],"meta":{}},{"ancestorTitles":["EditForm"],"fullName":"EditForm calls onSynopsisChange when synopsis textarea changes","status":"passed","title":"calls onSynopsisChange when synopsis textarea changes","duration":4.542299999999841,"failureMessages":[],"meta":{}},{"ancestorTitles":["EditForm"],"fullName":"EditForm displays synopsis character count","status":"passed","title":"displays synopsis character count","duration":4.327099999999973,"failureMessages":[],"meta":{}},{"ancestorTitles":["EditForm"],"fullName":"EditForm calls onMaxPlayersChange when slider changes","status":"passed","title":"calls onMaxPlayersChange when slider changes","duration":26.23980000000006,"failureMessages":[],"meta":{}},{"ancestorTitles":["EditForm"],"fullName":"EditForm shows error message when error is set","status":"passed","title":"shows error message when error is set","duration":4.753799999999956,"failureMessages":[],"meta":{}},{"ancestorTitles":["EditForm"],"fullName":"EditForm calls onSubmit on form submit","status":"passed","title":"calls onSubmit on form submit","duration":13.364399999999932,"failureMessages":[],"meta":{}},{"ancestorTitles":["EditForm"],"fullName":"EditForm disables submit when name is empty","status":"passed","title":"disables submit when name is empty","duration":7.032900000000154,"failureMessages":[],"meta":{}},{"ancestorTitles":["EditForm"],"fullName":"EditForm disables submit when saving","status":"passed","title":"disables submit when saving","duration":7.1947999999999865,"failureMessages":[],"meta":{}},{"ancestorTitles":["EditForm"],"fullName":"EditForm shows spinner while saving","status":"passed","title":"shows spinner while saving","duration":3.6230000000000473,"failureMessages":[],"meta":{}},{"ancestorTitles":["EditForm"],"fullName":"EditForm calls onCancel when cancel is clicked","status":"passed","title":"calls onCancel when cancel is clicked","duration":7.262100000000146,"failureMessages":[],"meta":{}},{"ancestorTitles":["AcConfigList"],"fullName":"AcConfigList renders empty state with add button","status":"passed","title":"renders empty state with add button","duration":1.5239000000001397,"failureMessages":[],"meta":{}},{"ancestorTitles":["AcConfigList"],"fullName":"AcConfigList renders configs and shows field inputs","status":"passed","title":"renders configs and shows field inputs","duration":4.986499999999978,"failureMessages":[],"meta":{}},{"ancestorTitles":["AcConfigList"],"fullName":"AcConfigList shows attribute modifiers disabled message when attrModifiersEnabled is false","status":"passed","title":"shows attribute modifiers disabled message when attrModifiersEnabled is false","duration":2.576000000000022,"failureMessages":[],"meta":{}},{"ancestorTitles":["AcConfigList"],"fullName":"AcConfigList shows attribute modifier checkboxes when attrModifiersEnabled is true","status":"passed","title":"shows attribute modifier checkboxes when attrModifiersEnabled is true","duration":7.333700000000135,"failureMessages":[],"meta":{}},{"ancestorTitles":["AcConfigList"],"fullName":"AcConfigList shows attribute modifier select and radio buttons when modifier is present","status":"passed","title":"shows attribute modifier select and radio buttons when modifier is present","duration":6.614500000000135,"failureMessages":[],"meta":{}},{"ancestorTitles":["AcConfigList"],"fullName":"AcConfigList shows default attribute select when allowPlayerSelection is true","status":"passed","title":"shows default attribute select when allowPlayerSelection is true","duration":5.0775000000001,"failureMessages":[],"meta":{}},{"ancestorTitles":["AcConfigList"],"fullName":"AcConfigList calls onAdd when add button clicked","status":"passed","title":"calls onAdd when add button clicked","duration":1.5942000000000007,"failureMessages":[],"meta":{}},{"ancestorTitles":["AcConfigList"],"fullName":"AcConfigList calls onUpdateConfig when name changes","status":"passed","title":"calls onUpdateConfig when name changes","duration":3.6126999999999043,"failureMessages":[],"meta":{}},{"ancestorTitles":["AcConfigList"],"fullName":"AcConfigList calls onUpdateConfig when enabled checkbox toggles","status":"passed","title":"calls onUpdateConfig when enabled checkbox toggles","duration":3.3937000000000808,"failureMessages":[],"meta":{}},{"ancestorTitles":["AcConfigList"],"fullName":"AcConfigList calls onRemove when remove button clicked","status":"passed","title":"calls onRemove when remove button clicked","duration":2.769700000000057,"failureMessages":[],"meta":{}},{"ancestorTitles":["AcConfigList"],"fullName":"AcConfigList calls onAddField when add field component clicked","status":"passed","title":"calls onAddField when add field component clicked","duration":2.5680999999999585,"failureMessages":[],"meta":{}},{"ancestorTitles":["AcConfigList"],"fullName":"AcConfigList calls onRemoveField when field remove clicked","status":"passed","title":"calls onRemoveField when field remove clicked","duration":6.391499999999951,"failureMessages":[],"meta":{}},{"ancestorTitles":["AcConfigList"],"fullName":"AcConfigList calls onToggleAttributeId when attribute modifier checkbox toggled","status":"passed","title":"calls onToggleAttributeId when attribute modifier checkbox toggled","duration":5.981299999999919,"failureMessages":[],"meta":{}},{"ancestorTitles":["AcConfigList"],"fullName":"AcConfigList calls onUpdateField when field values change","status":"passed","title":"calls onUpdateField when field values change","duration":2.6190999999998894,"failureMessages":[],"meta":{}},{"ancestorTitles":["AcConfigList"],"fullName":"AcConfigList calls onUpdateField for key field","status":"passed","title":"calls onUpdateField for key field","duration":2.5450000000000728,"failureMessages":[],"meta":{}},{"ancestorTitles":["AcConfigList"],"fullName":"AcConfigList calls onUpdateField for defaultValue and description","status":"passed","title":"calls onUpdateField for defaultValue and description","duration":3.0286000000000968,"failureMessages":[],"meta":{}},{"ancestorTitles":["AcConfigList"],"fullName":"AcConfigList calls onUpdateFieldEditable when editable checkbox toggled","status":"passed","title":"calls onUpdateFieldEditable when editable checkbox toggled","duration":2.5161000000000513,"failureMessages":[],"meta":{}},{"ancestorTitles":["AcConfigList"],"fullName":"AcConfigList calls onUpdateAttributeModifier when select or radio changes","status":"passed","title":"calls onUpdateAttributeModifier when select or radio changes","duration":4.254599999999982,"failureMessages":[],"meta":{}},{"ancestorTitles":["AcConfigList"],"fullName":"AcConfigList renders nothing when config is disabled (collapses content)","status":"passed","title":"renders nothing when config is disabled (collapses content)","duration":1.7397000000000844,"failureMessages":[],"meta":{}},{"ancestorTitles":["TemplateRow","card view (read-only)"],"fullName":"TemplateRow card view (read-only) renders template name and description","status":"passed","title":"renders template name and description","duration":4.460400000000163,"failureMessages":[],"meta":{}},{"ancestorTitles":["TemplateRow","card view (read-only)"],"fullName":"TemplateRow card view (read-only) renders with skills, sections, fields, and profiles feature indicators","status":"passed","title":"renders with skills, sections, fields, and profiles feature indicators","duration":3.342100000000073,"failureMessages":[],"meta":{}},{"ancestorTitles":["TemplateRow","card view (read-only)"],"fullName":"TemplateRow card view (read-only) renders feature indicators with plural form","status":"passed","title":"renders feature indicators with plural form","duration":3.5579999999999927,"failureMessages":[],"meta":{}},{"ancestorTitles":["TemplateRow","card view (read-only)"],"fullName":"TemplateRow card view (read-only) does not show feature indicators when arrays are empty","status":"passed","title":"does not show feature indicators when arrays are empty","duration":2.3677999999999884,"failureMessages":[],"meta":{}},{"ancestorTitles":["TemplateRow","card view (read-only)"],"fullName":"TemplateRow card view (read-only) renders without description when description is null","status":"passed","title":"renders without description when description is null","duration":2.256900000000087,"failureMessages":[],"meta":{}},{"ancestorTitles":["TemplateRow","card view (read-only)"],"fullName":"TemplateRow card view (read-only) shows edit and delete buttons when isGM is true","status":"passed","title":"shows edit and delete buttons when isGM is true","duration":3.1753000000001066,"failureMessages":[],"meta":{}},{"ancestorTitles":["TemplateRow","card view (read-only)"],"fullName":"TemplateRow card view (read-only) hides edit and delete buttons when isGM is false","status":"passed","title":"hides edit and delete buttons when isGM is false","duration":2.52150000000006,"failureMessages":[],"meta":{}},{"ancestorTitles":["TemplateRow","card view (read-only)"],"fullName":"TemplateRow card view (read-only) calls onStartEdit when Edit is clicked","status":"passed","title":"calls onStartEdit when Edit is clicked","duration":3.029199999999946,"failureMessages":[],"meta":{}},{"ancestorTitles":["TemplateRow","card view (read-only)"],"fullName":"TemplateRow card view (read-only) calls onDelete when Delete is clicked","status":"passed","title":"calls onDelete when Delete is clicked","duration":3.8275000000001,"failureMessages":[],"meta":{}},{"ancestorTitles":["TemplateRow","edit mode"],"fullName":"TemplateRow edit mode renders edit form with name and description","status":"passed","title":"renders edit form with name and description","duration":11.369800000000168,"failureMessages":[],"meta":{}},{"ancestorTitles":["TemplateRow","edit mode"],"fullName":"TemplateRow edit mode shows attrs tab by default with collapsible attr cards","status":"passed","title":"shows attrs tab by default with collapsible attr cards","duration":6.036799999999857,"failureMessages":[],"meta":{}},{"ancestorTitles":["TemplateRow","edit mode"],"fullName":"TemplateRow edit mode shows attr modifiers checkbox and config when enabled","status":"passed","title":"shows attr modifiers checkbox and config when enabled","duration":5.998999999999796,"failureMessages":[],"meta":{}},{"ancestorTitles":["TemplateRow","edit mode"],"fullName":"TemplateRow edit mode hides attr modifier config when unchecked","status":"passed","title":"hides attr modifier config when unchecked","duration":6.567699999999832,"failureMessages":[],"meta":{}},{"ancestorTitles":["TemplateRow","edit mode"],"fullName":"TemplateRow edit mode switches to skills tab when skills button clicked","status":"passed","title":"switches to skills tab when skills button clicked","duration":9.26890000000003,"failureMessages":[],"meta":{}},{"ancestorTitles":["TemplateRow","edit mode"],"fullName":"TemplateRow edit mode switches to fields tab when Character Info clicked","status":"passed","title":"switches to fields tab when Character Info clicked","duration":8.631500000000187,"failureMessages":[],"meta":{}},{"ancestorTitles":["TemplateRow","edit mode"],"fullName":"TemplateRow edit mode switches to coreResources tab","status":"passed","title":"switches to coreResources tab","duration":14.050000000000182,"failureMessages":[],"meta":{}},{"ancestorTitles":["TemplateRow","edit mode"],"fullName":"TemplateRow edit mode switches to characterSections tab","status":"passed","title":"switches to characterSections tab","duration":7.8577999999999975,"failureMessages":[],"meta":{}},{"ancestorTitles":["TemplateRow","edit mode"],"fullName":"TemplateRow edit mode switches to ac tab","status":"passed","title":"switches to ac tab","duration":7.5750000000000455,"failureMessages":[],"meta":{}},{"ancestorTitles":["TemplateRow","edit mode"],"fullName":"TemplateRow edit mode switches to profiles tab","status":"passed","title":"switches to profiles tab","duration":7.54729999999995,"failureMessages":[],"meta":{}},{"ancestorTitles":["TemplateRow","edit mode"],"fullName":"TemplateRow edit mode switches to resistances tab","status":"passed","title":"switches to resistances tab","duration":7.098600000000033,"failureMessages":[],"meta":{}},{"ancestorTitles":["TemplateRow","edit mode"],"fullName":"TemplateRow edit mode does not show skills tab when editFeatureSkills is false","status":"passed","title":"does not show skills tab when editFeatureSkills is false","duration":4.582499999999982,"failureMessages":[],"meta":{}},{"ancestorTitles":["TemplateRow","edit mode"],"fullName":"TemplateRow edit mode does not show fields tab when editFeatureCustomFields is false","status":"passed","title":"does not show fields tab when editFeatureCustomFields is false","duration":4.906100000000151,"failureMessages":[],"meta":{}},{"ancestorTitles":["TemplateRow","edit mode"],"fullName":"TemplateRow edit mode does not show coreResources tab without onAddCoreResource","status":"passed","title":"does not show coreResources tab without onAddCoreResource","duration":4.563099999999849,"failureMessages":[],"meta":{}},{"ancestorTitles":["TemplateRow","edit mode"],"fullName":"TemplateRow edit mode does not show profiles tab without onAddProfile","status":"passed","title":"does not show profiles tab without onAddProfile","duration":4.518199999999979,"failureMessages":[],"meta":{}},{"ancestorTitles":["TemplateRow","edit mode"],"fullName":"TemplateRow edit mode does not show resistances tab without onEditResistancesChange","status":"passed","title":"does not show resistances tab without onEditResistancesChange","duration":5.135200000000168,"failureMessages":[],"meta":{}},{"ancestorTitles":["TemplateRow","edit mode"],"fullName":"TemplateRow edit mode does not show armor class tab without onAddEditAcConfig","status":"passed","title":"does not show armor class tab without onAddEditAcConfig","duration":4.194700000000012,"failureMessages":[],"meta":{}},{"ancestorTitles":["TemplateRow","edit mode"],"fullName":"TemplateRow edit mode shows error when editError is set","status":"passed","title":"shows error when editError is set","duration":5.378600000000006,"failureMessages":[],"meta":{}},{"ancestorTitles":["TemplateRow","edit mode"],"fullName":"TemplateRow edit mode shows saving state","status":"passed","title":"shows saving state","duration":6.256599999999935,"failureMessages":[],"meta":{}},{"ancestorTitles":["TemplateRow","edit mode"],"fullName":"TemplateRow edit mode disables submit when name is empty","status":"passed","title":"disables submit when name is empty","duration":18.97530000000006,"failureMessages":[],"meta":{}},{"ancestorTitles":["TemplateRow","edit mode"],"fullName":"TemplateRow edit mode calls onCancelEdit when cancel button clicked","status":"passed","title":"calls onCancelEdit when cancel button clicked","duration":5.341800000000148,"failureMessages":[],"meta":{}},{"ancestorTitles":["TemplateRow","edit mode"],"fullName":"TemplateRow edit mode calls onUpdate on form submit","status":"passed","title":"calls onUpdate on form submit","duration":16.214499999999816,"failureMessages":[],"meta":{}},{"ancestorTitles":["TemplateRow","edit mode"],"fullName":"TemplateRow edit mode calls onAddAttr when add attribute button clicked","status":"passed","title":"calls onAddAttr when add attribute button clicked","duration":5.995599999999968,"failureMessages":[],"meta":{}},{"ancestorTitles":["TemplateRow","edit mode"],"fullName":"TemplateRow edit mode resets expanded attrs and edit tab on mount when isEditing","status":"passed","title":"resets expanded attrs and edit tab on mount when isEditing","duration":6.711599999999862,"failureMessages":[],"meta":{}},{"ancestorTitles":["TemplateRow","edit mode"],"fullName":"TemplateRow edit mode shows profile tabs with ALL_SKILLS and SELECTED_SKILLS mode buttons","status":"passed","title":"shows profile tabs with ALL_SKILLS and SELECTED_SKILLS mode buttons","duration":9.579899999999952,"failureMessages":[],"meta":{}},{"ancestorTitles":["TemplateRow","edit mode"],"fullName":"TemplateRow edit mode shows skill checkboxes when profile has SELECTED_SKILLS mode","status":"passed","title":"shows skill checkboxes when profile has SELECTED_SKILLS mode","duration":7.701799999999821,"failureMessages":[],"meta":{}},{"ancestorTitles":["TemplateRow","edit mode"],"fullName":"TemplateRow edit mode shows \"add skills first\" message when no skills exist for SELECTED_SKILLS mode","status":"passed","title":"shows \"add skills first\" message when no skills exist for SELECTED_SKILLS mode","duration":10.80379999999991,"failureMessages":[],"meta":{}},{"ancestorTitles":["TemplateRow","edit mode"],"fullName":"TemplateRow edit mode shows core resources with input fields and checkboxes","status":"passed","title":"shows core resources with input fields and checkboxes","duration":8.928499999999985,"failureMessages":[],"meta":{}},{"ancestorTitles":["TemplateRow","edit mode"],"fullName":"TemplateRow edit mode shows character sections with name input","status":"passed","title":"shows character sections with name input","duration":6.907800000000179,"failureMessages":[],"meta":{}},{"ancestorTitles":["TemplateForm","wizard step 1"],"fullName":"TemplateForm wizard step 1 renders the create form with name and description inputs","status":"passed","title":"renders the create form with name and description inputs","duration":12.40099999999984,"failureMessages":[],"meta":{}},{"ancestorTitles":["TemplateForm","wizard step 1"],"fullName":"TemplateForm wizard step 1 renders all 7 feature cards","status":"passed","title":"renders all 7 feature cards","duration":10.813300000000254,"failureMessages":[],"meta":{}},{"ancestorTitles":["TemplateForm","wizard step 1"],"fullName":"TemplateForm wizard step 1 renders \"Continue to Details\" disabled when name is empty","status":"passed","title":"renders \"Continue to Details\" disabled when name is empty","duration":6.78879999999981,"failureMessages":[],"meta":{}},{"ancestorTitles":["TemplateForm","wizard step 1"],"fullName":"TemplateForm wizard step 1 enables continue button when name is provided","status":"passed","title":"enables continue button when name is provided","duration":6.511399999999867,"failureMessages":[],"meta":{}},{"ancestorTitles":["TemplateForm","wizard step 1"],"fullName":"TemplateForm wizard step 1 calls onCancelNew when cancel is clicked","status":"passed","title":"calls onCancelNew when cancel is clicked","duration":9.780499999999847,"failureMessages":[],"meta":{}},{"ancestorTitles":["TemplateForm","wizard step 1"],"fullName":"TemplateForm wizard step 1 calls onNameChange when name input changes","status":"passed","title":"calls onNameChange when name input changes","duration":6.879399999999805,"failureMessages":[],"meta":{}},{"ancestorTitles":["TemplateForm","wizard step 1"],"fullName":"TemplateForm wizard step 1 calls onDescriptionChange when description input changes","status":"passed","title":"calls onDescriptionChange when description input changes","duration":6.123000000000047,"failureMessages":[],"meta":{}},{"ancestorTitles":["TemplateForm","wizard step 1"],"fullName":"TemplateForm wizard step 1 shows Skills feature card as enabled when newFeatureSkills is true","status":"passed","title":"shows Skills feature card as enabled when newFeatureSkills is true","duration":7.8354999999996835,"failureMessages":[],"meta":{}},{"ancestorTitles":["TemplateForm","wizard step 1"],"fullName":"TemplateForm wizard step 1 toggles Skills feature when clicked","status":"passed","title":"toggles Skills feature when clicked","duration":10.641399999999976,"failureMessages":[],"meta":{}},{"ancestorTitles":["TemplateForm","wizard step 1"],"fullName":"TemplateForm wizard step 1 shows Skill Profiles as disabled when Skills is off","status":"passed","title":"shows Skill Profiles as disabled when Skills is off","duration":7.77599999999984,"failureMessages":[],"meta":{}},{"ancestorTitles":["TemplateForm","wizard step 1"],"fullName":"TemplateForm wizard step 1 enables Skill Profiles when Skills is on","status":"passed","title":"enables Skill Profiles when Skills is on","duration":10.30789999999979,"failureMessages":[],"meta":{}},{"ancestorTitles":["TemplateForm","wizard step 2"],"fullName":"TemplateForm wizard step 2 renders detail configuration after clicking continue","status":"passed","title":"renders detail configuration after clicking continue","duration":12.609899999999925,"failureMessages":[],"meta":{}},{"ancestorTitles":["TemplateForm","wizard step 2"],"fullName":"TemplateForm wizard step 2 shows back to features button","status":"passed","title":"shows back to features button","duration":15.272399999999834,"failureMessages":[],"meta":{}},{"ancestorTitles":["TemplateForm","wizard step 2"],"fullName":"TemplateForm wizard step 2 goes back to step 1 when \"Change features\" clicked","status":"passed","title":"goes back to step 1 when \"Change features\" clicked","duration":16.815099999999802,"failureMessages":[],"meta":{}},{"ancestorTitles":["TemplateForm","wizard step 2"],"fullName":"TemplateForm wizard step 2 renders the name input field","status":"passed","title":"renders the name input field","duration":8.242499999999836,"failureMessages":[],"meta":{}},{"ancestorTitles":["TemplateForm","wizard step 2"],"fullName":"TemplateForm wizard step 2 renders the attributes tab by default with add attribute button","status":"passed","title":"renders the attributes tab by default with add attribute button","duration":8.893500000000131,"failureMessages":[],"meta":{}},{"ancestorTitles":["TemplateForm","wizard step 2"],"fullName":"TemplateForm wizard step 2 renders attributes with collapsible attr cards when attrs exist","status":"passed","title":"renders attributes with collapsible attr cards when attrs exist","duration":12.153099999999995,"failureMessages":[],"meta":{}},{"ancestorTitles":["TemplateForm","wizard step 2"],"fullName":"TemplateForm wizard step 2 shows attr modifier checkbox and config when modifiers enabled","status":"passed","title":"shows attr modifier checkbox and config when modifiers enabled","duration":10.520199999999932,"failureMessages":[],"meta":{}},{"ancestorTitles":["TemplateForm","wizard step 2"],"fullName":"TemplateForm wizard step 2 calls onNewAttrModifiersEnabledChange when checkbox toggled","status":"passed","title":"calls onNewAttrModifiersEnabledChange when checkbox toggled","duration":11.119799999999941,"failureMessages":[],"meta":{}},{"ancestorTitles":["TemplateForm","wizard step 2"],"fullName":"TemplateForm wizard step 2 calls onAddAttr when Add Attribute clicked","status":"passed","title":"calls onAddAttr when Add Attribute clicked","duration":9.135000000000218,"failureMessages":[],"meta":{}},{"ancestorTitles":["TemplateForm","wizard step 2"],"fullName":"TemplateForm wizard step 2 shows skills tab when skills feature is on","status":"passed","title":"shows skills tab when skills feature is on","duration":14.752700000000004,"failureMessages":[],"meta":{}},{"ancestorTitles":["TemplateForm","wizard step 2"],"fullName":"TemplateForm wizard step 2 hides skills tab when skills feature is off","status":"passed","title":"hides skills tab when skills feature is off","duration":10.42639999999983,"failureMessages":[],"meta":{}},{"ancestorTitles":["TemplateForm","wizard step 2"],"fullName":"TemplateForm wizard step 2 shows Character Info tab when custom fields feature is on with onAddField","status":"passed","title":"shows Character Info tab when custom fields feature is on with onAddField","duration":16.2496000000001,"failureMessages":[],"meta":{}},{"ancestorTitles":["TemplateForm","wizard step 2"],"fullName":"TemplateForm wizard step 2 shows Resources tab when core resources feature is on","status":"passed","title":"shows Resources tab when core resources feature is on","duration":13.960699999999633,"failureMessages":[],"meta":{}},{"ancestorTitles":["TemplateForm","wizard step 2"],"fullName":"TemplateForm wizard step 2 shows Armor Class tab when armor class feature is on","status":"passed","title":"shows Armor Class tab when armor class feature is on","duration":14.230199999999968,"failureMessages":[],"meta":{}},{"ancestorTitles":["TemplateForm","wizard step 2"],"fullName":"TemplateForm wizard step 2 shows Abilities tab when character sections feature is on","status":"passed","title":"shows Abilities tab when character sections feature is on","duration":19.015400000000227,"failureMessages":[],"meta":{}},{"ancestorTitles":["TemplateForm","wizard step 2"],"fullName":"TemplateForm wizard step 2 shows Profiles tab when skill profiles feature is on","status":"passed","title":"shows Profiles tab when skill profiles feature is on","duration":11.710599999999886,"failureMessages":[],"meta":{}},{"ancestorTitles":["TemplateForm","wizard step 2"],"fullName":"TemplateForm wizard step 2 shows Resistances tab when resistance feature is on","status":"passed","title":"shows Resistances tab when resistance feature is on","duration":9.271400000000085,"failureMessages":[],"meta":{}},{"ancestorTitles":["TemplateForm","wizard step 2"],"fullName":"TemplateForm wizard step 2 shows error when templateError is set","status":"passed","title":"shows error when templateError is set","duration":6.210500000000138,"failureMessages":[],"meta":{}},{"ancestorTitles":["TemplateForm","wizard step 2"],"fullName":"TemplateForm wizard step 2 shows creating spinner and disabled button when templateCreating","status":"passed","title":"shows creating spinner and disabled button when templateCreating","duration":18.554200000000037,"failureMessages":[],"meta":{}},{"ancestorTitles":["TemplateForm","wizard step 2"],"fullName":"TemplateForm wizard step 2 disables submit when name is empty in step 2","status":"passed","title":"disables submit when name is empty in step 2","duration":17.21690000000035,"failureMessages":[],"meta":{}},{"ancestorTitles":["TemplateForm","wizard step 2"],"fullName":"TemplateForm wizard step 2 disables submit when attrs is empty","status":"passed","title":"disables submit when attrs is empty","duration":11.504699999999957,"failureMessages":[],"meta":{}},{"ancestorTitles":["TemplateForm","wizard step 2"],"fullName":"TemplateForm wizard step 2 calls onCreateTemplate on form submit","status":"passed","title":"calls onCreateTemplate on form submit","duration":16.68859999999995,"failureMessages":[],"meta":{}},{"ancestorTitles":["TemplateForm","wizard step 2"],"fullName":"TemplateForm wizard step 2 calls Cancel when cancel button clicked in step 2","status":"passed","title":"calls Cancel when cancel button clicked in step 2","duration":8.622299999999996,"failureMessages":[],"meta":{}}],"startTime":1784665585631,"endTime":1784665586499.6223,"status":"passed","message":"","name":"C:/Users/lucas/OneDrive/Desktop/mythrion/client/lib/__tests__/TemplateForm.test.tsx"}]}