{"numFailedTestSuites":0,"numFailedTests":0,"numPassedTestSuites":1,"numPassedTests":31,"numPendingTestSuites":0,"numPendingTests":0,"numRuntimeErrorTestSuites":0,"numTodoTests":0,"numTotalTestSuites":1,"numTotalTests":31,"openHandles":[],"snapshot":{"added":0,"didUpdate":false,"failure":false,"filesAdded":0,"filesRemoved":0,"filesRemovedList":[],"filesUnmatched":0,"filesUpdated":0,"matched":0,"total":0,"unchecked":0,"uncheckedKeysByFile":[],"unmatched":0,"updated":0},"startTime":1784601233709,"success":false,"testResults":[{"assertionResults":[{"ancestorTitles":["RedisService","initialization"],"duration":3,"failing":false,"failureDetails":[],"failureMessages":[],"fullName":"RedisService initialization should log warning and keep client null when REDIS_URL is not set","invocations":1,"location":null,"numPassingAsserts":2,"retryReasons":[],"startAt":1784601234347,"status":"passed","title":"should log warning and keep client null when REDIS_URL is not set"},{"ancestorTitles":["RedisService","initialization"],"duration":1,"failing":false,"failureDetails":[],"failureMessages":[],"fullName":"RedisService initialization should create Redis client and connect when REDIS_URL is set","invocations":1,"location":null,"numPassingAsserts":4,"retryReasons":[],"startAt":1784601234351,"status":"passed","title":"should create Redis client and connect when REDIS_URL is set"},{"ancestorTitles":["RedisService","with connected client","get"],"duration":1,"failing":false,"failureDetails":[],"failureMessages":[],"fullName":"RedisService with connected client get should delegate to client.get","invocations":1,"location":null,"numPassingAsserts":2,"retryReasons":[],"startAt":1784601234352,"status":"passed","title":"should delegate to client.get"},{"ancestorTitles":["RedisService","with connected client","set"],"duration":1,"failing":false,"failureDetails":[],"failureMessages":[],"fullName":"RedisService with connected client set should call client.set when no ttl","invocations":1,"location":null,"numPassingAsserts":1,"retryReasons":[],"startAt":1784601234353,"status":"passed","title":"should call client.set when no ttl"},{"ancestorTitles":["RedisService","with connected client","set"],"duration":0,"failing":false,"failureDetails":[],"failureMessages":[],"fullName":"RedisService with connected client set should call client.setex when ttl provided","invocations":1,"location":null,"numPassingAsserts":1,"retryReasons":[],"startAt":1784601234354,"status":"passed","title":"should call client.setex when ttl provided"},{"ancestorTitles":["RedisService","with connected client","del"],"duration":0,"failing":false,"failureDetails":[],"failureMessages":[],"fullName":"RedisService with connected client del should call client.del with keys","invocations":1,"location":null,"numPassingAsserts":1,"retryReasons":[],"startAt":1784601234355,"status":"passed","title":"should call client.del with keys"},{"ancestorTitles":["RedisService","with connected client","del"],"duration":0,"failing":false,"failureDetails":[],"failureMessages":[],"fullName":"RedisService with connected client del should not call client.del with no keys","invocations":1,"location":null,"numPassingAsserts":1,"retryReasons":[],"startAt":1784601234355,"status":"passed","title":"should not call client.del with no keys"},{"ancestorTitles":["RedisService","with connected client","exists"],"duration":1,"failing":false,"failureDetails":[],"failureMessages":[],"fullName":"RedisService with connected client exists should return true when key exists","invocations":1,"location":null,"numPassingAsserts":1,"retryReasons":[],"startAt":1784601234355,"status":"passed","title":"should return true when key exists"},{"ancestorTitles":["RedisService","with connected client","exists"],"duration":0,"failing":false,"failureDetails":[],"failureMessages":[],"fullName":"RedisService with connected client exists should return false when key does not exist","invocations":1,"location":null,"numPassingAsserts":1,"retryReasons":[],"startAt":1784601234356,"status":"passed","title":"should return false when key does not exist"},{"ancestorTitles":["RedisService","with connected client","expire"],"duration":1,"failing":false,"failureDetails":[],"failureMessages":[],"fullName":"RedisService with connected client expire should call client.expire","invocations":1,"location":null,"numPassingAsserts":1,"retryReasons":[],"startAt":1784601234356,"status":"passed","title":"should call client.expire"},{"ancestorTitles":["RedisService","with connected client","incr"],"duration":0,"failing":false,"failureDetails":[],"failureMessages":[],"fullName":"RedisService with connected client incr should delegate to client.incr","invocations":1,"location":null,"numPassingAsserts":2,"retryReasons":[],"startAt":1784601234357,"status":"passed","title":"should delegate to client.incr"},{"ancestorTitles":["RedisService","with connected client","ttl"],"duration":0,"failing":false,"failureDetails":[],"failureMessages":[],"fullName":"RedisService with connected client ttl should delegate to client.ttl","invocations":1,"location":null,"numPassingAsserts":2,"retryReasons":[],"startAt":1784601234357,"status":"passed","title":"should delegate to client.ttl"},{"ancestorTitles":["RedisService","with connected client","cacheGet"],"duration":3,"failing":false,"failureDetails":[],"failureMessages":[],"fullName":"RedisService with connected client cacheGet should parse stored JSON","invocations":1,"location":null,"numPassingAsserts":1,"retryReasons":[],"startAt":1784601234358,"status":"passed","title":"should parse stored JSON"},{"ancestorTitles":["RedisService","with connected client","cacheGet"],"duration":0,"failing":false,"failureDetails":[],"failureMessages":[],"fullName":"RedisService with connected client cacheGet should return null when key missing","invocations":1,"location":null,"numPassingAsserts":1,"retryReasons":[],"startAt":1784601234361,"status":"passed","title":"should return null when key missing"},{"ancestorTitles":["RedisService","with connected client","cacheGet"],"duration":0,"failing":false,"failureDetails":[],"failureMessages":[],"fullName":"RedisService with connected client cacheGet should return null when JSON is invalid","invocations":1,"location":null,"numPassingAsserts":1,"retryReasons":[],"startAt":1784601234362,"status":"passed","title":"should return null when JSON is invalid"},{"ancestorTitles":["RedisService","with connected client","cacheSet"],"duration":0,"failing":false,"failureDetails":[],"failureMessages":[],"fullName":"RedisService with connected client cacheSet should JSON-stringify and set with TTL","invocations":1,"location":null,"numPassingAsserts":1,"retryReasons":[],"startAt":1784601234362,"status":"passed","title":"should JSON-stringify and set with TTL"},{"ancestorTitles":["RedisService","with connected client","invalidatePattern"],"duration":1,"failing":false,"failureDetails":[],"failureMessages":[],"fullName":"RedisService with connected client invalidatePattern should do nothing when no keys match","invocations":1,"location":null,"numPassingAsserts":1,"retryReasons":[],"startAt":1784601234362,"status":"passed","title":"should do nothing when no keys match"},{"ancestorTitles":["RedisService","with connected client","invalidatePattern"],"duration":0,"failing":false,"failureDetails":[],"failureMessages":[],"fullName":"RedisService with connected client invalidatePattern should delete matching keys","invocations":1,"location":null,"numPassingAsserts":1,"retryReasons":[],"startAt":1784601234363,"status":"passed","title":"should delete matching keys"},{"ancestorTitles":["RedisService","without client (REDIS_URL not set)","get"],"duration":0,"failing":false,"failureDetails":[],"failureMessages":[],"fullName":"RedisService without client (REDIS_URL not set) get should return null when client is null","invocations":1,"location":null,"numPassingAsserts":1,"retryReasons":[],"startAt":1784601234363,"status":"passed","title":"should return null when client is null"},{"ancestorTitles":["RedisService","without client (REDIS_URL not set)","set"],"duration":1,"failing":false,"failureDetails":[],"failureMessages":[],"fullName":"RedisService without client (REDIS_URL not set) set should no-op when client is null","invocations":1,"location":null,"numPassingAsserts":0,"retryReasons":[],"startAt":1784601234363,"status":"passed","title":"should no-op when client is null"},{"ancestorTitles":["RedisService","without client (REDIS_URL not set)","del"],"duration":0,"failing":false,"failureDetails":[],"failureMessages":[],"fullName":"RedisService without client (REDIS_URL not set) del should no-op when client is null","invocations":1,"location":null,"numPassingAsserts":0,"retryReasons":[],"startAt":1784601234364,"status":"passed","title":"should no-op when client is null"},{"ancestorTitles":["RedisService","without client (REDIS_URL not set)","exists"],"duration":0,"failing":false,"failureDetails":[],"failureMessages":[],"fullName":"RedisService without client (REDIS_URL not set) exists should return false when client is null","invocations":1,"location":null,"numPassingAsserts":1,"retryReasons":[],"startAt":1784601234364,"status":"passed","title":"should return false when client is null"},{"ancestorTitles":["RedisService","without client (REDIS_URL not set)","expire"],"duration":0,"failing":false,"failureDetails":[],"failureMessages":[],"fullName":"RedisService without client (REDIS_URL not set) expire should no-op when client is null","invocations":1,"location":null,"numPassingAsserts":0,"retryReasons":[],"startAt":1784601234364,"status":"passed","title":"should no-op when client is null"},{"ancestorTitles":["RedisService","without client (REDIS_URL not set)","incr"],"duration":0,"failing":false,"failureDetails":[],"failureMessages":[],"fullName":"RedisService without client (REDIS_URL not set) incr should return 0 when client is null","invocations":1,"location":null,"numPassingAsserts":1,"retryReasons":[],"startAt":1784601234364,"status":"passed","title":"should return 0 when client is null"},{"ancestorTitles":["RedisService","without client (REDIS_URL not set)","ttl"],"duration":0,"failing":false,"failureDetails":[],"failureMessages":[],"fullName":"RedisService without client (REDIS_URL not set) ttl should return -2 when client is null","invocations":1,"location":null,"numPassingAsserts":1,"retryReasons":[],"startAt":1784601234365,"status":"passed","title":"should return -2 when client is null"},{"ancestorTitles":["RedisService","without client (REDIS_URL not set)","cacheGet"],"duration":0,"failing":false,"failureDetails":[],"failureMessages":[],"fullName":"RedisService without client (REDIS_URL not set) cacheGet should return null when client is null","invocations":1,"location":null,"numPassingAsserts":1,"retryReasons":[],"startAt":1784601234365,"status":"passed","title":"should return null when client is null"},{"ancestorTitles":["RedisService","without client (REDIS_URL not set)","cacheSet"],"duration":0,"failing":false,"failureDetails":[],"failureMessages":[],"fullName":"RedisService without client (REDIS_URL not set) cacheSet should no-op when client is null","invocations":1,"location":null,"numPassingAsserts":0,"retryReasons":[],"startAt":1784601234365,"status":"passed","title":"should no-op when client is null"},{"ancestorTitles":["RedisService","without client (REDIS_URL not set)","invalidatePattern"],"duration":0,"failing":false,"failureDetails":[],"failureMessages":[],"fullName":"RedisService without client (REDIS_URL not set) invalidatePattern should no-op when client is null","invocations":1,"location":null,"numPassingAsserts":0,"retryReasons":[],"startAt":1784601234365,"status":"passed","title":"should no-op when client is null"},{"ancestorTitles":["RedisService","without client (REDIS_URL not set)","ready getter"],"duration":0,"failing":false,"failureDetails":[],"failureMessages":[],"fullName":"RedisService without client (REDIS_URL not set) ready getter should return isReady state","invocations":1,"location":null,"numPassingAsserts":1,"retryReasons":[],"startAt":1784601234365,"status":"passed","title":"should return isReady state"},{"ancestorTitles":["RedisService","without client (REDIS_URL not set)","onModuleDestroy"],"duration":0,"failing":false,"failureDetails":[],"failureMessages":[],"fullName":"RedisService without client (REDIS_URL not set) onModuleDestroy should no-op when client is null","invocations":1,"location":null,"numPassingAsserts":0,"retryReasons":[],"startAt":1784601234365,"status":"passed","title":"should no-op when client is null"},{"ancestorTitles":["RedisService","onModuleDestroy with client"],"duration":0,"failing":false,"failureDetails":[],"failureMessages":[],"fullName":"RedisService onModuleDestroy with client should call client.quit() when client exists","invocations":1,"location":null,"numPassingAsserts":3,"retryReasons":[],"startAt":1784601234366,"status":"passed","title":"should call client.quit() when client exists"}],"endTime":1784601234367,"message":"","name":"C:\\Users\\lucas\\OneDrive\\Desktop\\mythrion\\server\\src\\redis\\redis.service.spec.ts","startTime":1784601233944,"status":"passed","summary":""}],"wasInterrupted":false,"coverageMap":{"C:\\Users\\lucas\\OneDrive\\Desktop\\mythrion\\server\\src\\redis\\redis.service.ts":{"path":"C:\\Users\\lucas\\OneDrive\\Desktop\\mythrion\\server\\src\\redis\\redis.service.ts","statementMap":{"0":{"start":{"line":1,"column":0},"end":{"line":1,"column":82}},"1":{"start":{"line":2,"column":0},"end":{"line":2,"column":31}},"2":{"start":{"line":5,"column":25},"end":{"line":146,"column":null}},"3":{"start":{"line":6,"column":28},"end":{"line":6,"column":57}},"4":{"start":{"line":7,"column":32},"end":{"line":7,"column":36}},"5":{"start":{"line":8,"column":20},"end":{"line":8,"column":25}},"6":{"start":{"line":11,"column":16},"end":{"line":11,"column":37}},"7":{"start":{"line":12,"column":4},"end":{"line":15,"column":5}},"8":{"start":{"line":13,"column":6},"end":{"line":13,"column":null}},"9":{"start":{"line":14,"column":6},"end":{"line":14,"column":12}},"10":{"start":{"line":17,"column":4},"end":{"line":39,"column":5}},"11":{"start":{"line":18,"column":6},"end":{"line":28,"column":null}},"12":{"start":{"line":22,"column":10},"end":{"line":25,"column":11}},"13":{"start":{"line":23,"column":12},"end":{"line":23,"column":null}},"14":{"start":{"line":24,"column":12},"end":{"line":24,"column":24}},"15":{"start":{"line":26,"column":10},"end":{"line":26,"column":null}},"16":{"start":{"line":30,"column":6},"end":{"line":30,"column":null}},"17":{"start":{"line":31,"column":6},"end":{"line":31,"column":null}},"18":{"start":{"line":32,"column":6},"end":{"line":32,"column":null}},"19":{"start":{"line":35,"column":6},"end":{"line":35,"column":null}},"20":{"start":{"line":37,"column":6},"end":{"line":37,"column":null}},"21":{"start":{"line":38,"column":6},"end":{"line":38,"column":null}},"22":{"start":{"line":43,"column":4},"end":{"line":47,"column":5}},"23":{"start":{"line":44,"column":6},"end":{"line":44,"column":null}},"24":{"start":{"line":45,"column":6},"end":{"line":45,"column":null}},"25":{"start":{"line":46,"column":6},"end":{"line":46,"column":null}},"26":{"start":{"line":52,"column":4},"end":{"line":54,"column":5}},"27":{"start":{"line":53,"column":6},"end":{"line":53,"column":null}},"28":{"start":{"line":55,"column":4},"end":{"line":55,"column":null}},"29":{"start":{"line":64,"column":4},"end":{"line":64,"column":null}},"30":{"start":{"line":64,"column":39},"end":{"line":64,"column":null}},"31":{"start":{"line":65,"column":4},"end":{"line":65,"column":null}},"32":{"start":{"line":70,"column":4},"end":{"line":70,"column":45}},"33":{"start":{"line":70,"column":39},"end":{"line":70,"column":45}},"34":{"start":{"line":71,"column":4},"end":{"line":75,"column":5}},"35":{"start":{"line":72,"column":6},"end":{"line":72,"column":null}},"36":{"start":{"line":74,"column":6},"end":{"line":74,"column":null}},"37":{"start":{"line":80,"column":4},"end":{"line":80,"column":45}},"38":{"start":{"line":80,"column":39},"end":{"line":80,"column":45}},"39":{"start":{"line":81,"column":4},"end":{"line":83,"column":5}},"40":{"start":{"line":82,"column":6},"end":{"line":82,"column":null}},"41":{"start":{"line":88,"column":4},"end":{"line":88,"column":null}},"42":{"start":{"line":88,"column":39},"end":{"line":88,"column":null}},"43":{"start":{"line":89,"column":19},"end":{"line":89,"column":48}},"44":{"start":{"line":90,"column":4},"end":{"line":90,"column":null}},"45":{"start":{"line":95,"column":4},"end":{"line":95,"column":45}},"46":{"start":{"line":95,"column":39},"end":{"line":95,"column":45}},"47":{"start":{"line":96,"column":4},"end":{"line":96,"column":null}},"48":{"start":{"line":101,"column":4},"end":{"line":101,"column":null}},"49":{"start":{"line":101,"column":39},"end":{"line":101,"column":null}},"50":{"start":{"line":102,"column":4},"end":{"line":102,"column":null}},"51":{"start":{"line":107,"column":4},"end":{"line":107,"column":null}},"52":{"start":{"line":107,"column":39},"end":{"line":107,"column":null}},"53":{"start":{"line":108,"column":4},"end":{"line":108,"column":null}},"54":{"start":{"line":117,"column":16},"end":{"line":117,"column":35}},"55":{"start":{"line":118,"column":4},"end":{"line":118,"column":null}},"56":{"start":{"line":118,"column":21},"end":{"line":118,"column":null}},"57":{"start":{"line":119,"column":4},"end":{"line":123,"column":5}},"58":{"start":{"line":120,"column":6},"end":{"line":120,"column":null}},"59":{"start":{"line":122,"column":6},"end":{"line":122,"column":null}},"60":{"start":{"line":128,"column":4},"end":{"line":128,"column":null}},"61":{"start":{"line":133,"column":4},"end":{"line":133,"column":45}},"62":{"start":{"line":133,"column":39},"end":{"line":133,"column":45}},"63":{"start":{"line":134,"column":19},"end":{"line":134,"column":73}},"64":{"start":{"line":135,"column":4},"end":{"line":139,"column":5}},"65":{"start":{"line":136,"column":6},"end":{"line":138,"column":7}},"66":{"start":{"line":137,"column":8},"end":{"line":137,"column":null}},"67":{"start":{"line":144,"column":4},"end":{"line":144,"column":null}},"68":{"start":{"line":5,"column":13},"end":{"line":5,"column":25}},"69":{"start":{"line":5,"column":13},"end":{"line":146,"column":null}}},"fnMap":{"0":{"name":"(anonymous_1)","decl":{"start":{"line":10,"column":2},"end":{"line":10,"column":7}},"loc":{"start":{"line":10,"column":20},"end":{"line":40,"column":3}}},"1":{"name":"(anonymous_2)","decl":{"start":{"line":21,"column":23},"end":{"line":21,"column":24}},"loc":{"start":{"line":21,"column":33},"end":{"line":27,"column":9}}},"2":{"name":"(anonymous_3)","decl":{"start":{"line":42,"column":2},"end":{"line":42,"column":7}},"loc":{"start":{"line":42,"column":23},"end":{"line":48,"column":3}}},"3":{"name":"(anonymous_4)","decl":{"start":{"line":44,"column":37},"end":{"line":44,"column":40}},"loc":{"start":{"line":44,"column":42},"end":{"line":44,"column":45}}},"4":{"name":"(anonymous_5)","decl":{"start":{"line":51,"column":10},"end":{"line":51,"column":21}},"loc":{"start":{"line":51,"column":21},"end":{"line":56,"column":3}}},"5":{"name":"(anonymous_6)","decl":{"start":{"line":63,"column":2},"end":{"line":63,"column":7}},"loc":{"start":{"line":63,"column":23},"end":{"line":66,"column":3}}},"6":{"name":"(anonymous_7)","decl":{"start":{"line":69,"column":2},"end":{"line":69,"column":7}},"loc":{"start":{"line":69,"column":59},"end":{"line":76,"column":3}}},"7":{"name":"(anonymous_8)","decl":{"start":{"line":79,"column":2},"end":{"line":79,"column":7}},"loc":{"start":{"line":79,"column":29},"end":{"line":84,"column":3}}},"8":{"name":"(anonymous_9)","decl":{"start":{"line":87,"column":2},"end":{"line":87,"column":7}},"loc":{"start":{"line":87,"column":26},"end":{"line":91,"column":3}}},"9":{"name":"(anonymous_10)","decl":{"start":{"line":94,"column":2},"end":{"line":94,"column":7}},"loc":{"start":{"line":94,"column":43},"end":{"line":97,"column":3}}},"10":{"name":"(anonymous_11)","decl":{"start":{"line":100,"column":2},"end":{"line":100,"column":7}},"loc":{"start":{"line":100,"column":24},"end":{"line":103,"column":3}}},"11":{"name":"(anonymous_12)","decl":{"start":{"line":106,"column":2},"end":{"line":106,"column":7}},"loc":{"start":{"line":106,"column":23},"end":{"line":109,"column":3}}},"12":{"name":"(anonymous_13)","decl":{"start":{"line":116,"column":2},"end":{"line":116,"column":7}},"loc":{"start":{"line":116,"column":31},"end":{"line":124,"column":3}}},"13":{"name":"(anonymous_14)","decl":{"start":{"line":127,"column":2},"end":{"line":127,"column":7}},"loc":{"start":{"line":127,"column":64},"end":{"line":129,"column":3}}},"14":{"name":"(anonymous_15)","decl":{"start":{"line":132,"column":2},"end":{"line":132,"column":7}},"loc":{"start":{"line":132,"column":41},"end":{"line":140,"column":3}}},"15":{"name":"(anonymous_16)","decl":{"start":{"line":143,"column":2},"end":{"line":143,"column":6}},"loc":{"start":{"line":143,"column":11},"end":{"line":145,"column":3}}}},"branchMap":{"0":{"loc":{"start":{"line":12,"column":4},"end":{"line":15,"column":5}},"type":"if","locations":[{"start":{"line":12,"column":4},"end":{"line":15,"column":5}},{"start":{},"end":{}}]},"1":{"loc":{"start":{"line":22,"column":10},"end":{"line":25,"column":11}},"type":"if","locations":[{"start":{"line":22,"column":10},"end":{"line":25,"column":11}},{"start":{},"end":{}}]},"2":{"loc":{"start":{"line":43,"column":4},"end":{"line":47,"column":5}},"type":"if","locations":[{"start":{"line":43,"column":4},"end":{"line":47,"column":5}},{"start":{},"end":{}}]},"3":{"loc":{"start":{"line":52,"column":4},"end":{"line":54,"column":5}},"type":"if","locations":[{"start":{"line":52,"column":4},"end":{"line":54,"column":5}},{"start":{},"end":{}}]},"4":{"loc":{"start":{"line":52,"column":8},"end":{"line":52,"column":37}},"type":"binary-expr","locations":[{"start":{"line":52,"column":8},"end":{"line":52,"column":20}},{"start":{"line":52,"column":24},"end":{"line":52,"column":37}}]},"5":{"loc":{"start":{"line":64,"column":4},"end":{"line":64,"column":null}},"type":"if","locations":[{"start":{"line":64,"column":4},"end":{"line":64,"column":null}},{"start":{},"end":{}}]},"6":{"loc":{"start":{"line":64,"column":8},"end":{"line":64,"column":37}},"type":"binary-expr","locations":[{"start":{"line":64,"column":8},"end":{"line":64,"column":20}},{"start":{"line":64,"column":24},"end":{"line":64,"column":37}}]},"7":{"loc":{"start":{"line":70,"column":4},"end":{"line":70,"column":45}},"type":"if","locations":[{"start":{"line":70,"column":4},"end":{"line":70,"column":45}},{"start":{},"end":{}}]},"8":{"loc":{"start":{"line":70,"column":8},"end":{"line":70,"column":37}},"type":"binary-expr","locations":[{"start":{"line":70,"column":8},"end":{"line":70,"column":20}},{"start":{"line":70,"column":24},"end":{"line":70,"column":37}}]},"9":{"loc":{"start":{"line":71,"column":4},"end":{"line":75,"column":5}},"type":"if","locations":[{"start":{"line":71,"column":4},"end":{"line":75,"column":5}},{"start":{"line":73,"column":11},"end":{"line":75,"column":5}}]},"10":{"loc":{"start":{"line":80,"column":4},"end":{"line":80,"column":45}},"type":"if","locations":[{"start":{"line":80,"column":4},"end":{"line":80,"column":45}},{"start":{},"end":{}}]},"11":{"loc":{"start":{"line":80,"column":8},"end":{"line":80,"column":37}},"type":"binary-expr","locations":[{"start":{"line":80,"column":8},"end":{"line":80,"column":20}},{"start":{"line":80,"column":24},"end":{"line":80,"column":37}}]},"12":{"loc":{"start":{"line":81,"column":4},"end":{"line":83,"column":5}},"type":"if","locations":[{"start":{"line":81,"column":4},"end":{"line":83,"column":5}},{"start":{},"end":{}}]},"13":{"loc":{"start":{"line":88,"column":4},"end":{"line":88,"column":null}},"type":"if","locations":[{"start":{"line":88,"column":4},"end":{"line":88,"column":null}},{"start":{},"end":{}}]},"14":{"loc":{"start":{"line":88,"column":8},"end":{"line":88,"column":37}},"type":"binary-expr","locations":[{"start":{"line":88,"column":8},"end":{"line":88,"column":20}},{"start":{"line":88,"column":24},"end":{"line":88,"column":37}}]},"15":{"loc":{"start":{"line":95,"column":4},"end":{"line":95,"column":45}},"type":"if","locations":[{"start":{"line":95,"column":4},"end":{"line":95,"column":45}},{"start":{},"end":{}}]},"16":{"loc":{"start":{"line":95,"column":8},"end":{"line":95,"column":37}},"type":"binary-expr","locations":[{"start":{"line":95,"column":8},"end":{"line":95,"column":20}},{"start":{"line":95,"column":24},"end":{"line":95,"column":37}}]},"17":{"loc":{"start":{"line":101,"column":4},"end":{"line":101,"column":null}},"type":"if","locations":[{"start":{"line":101,"column":4},"end":{"line":101,"column":null}},{"start":{},"end":{}}]},"18":{"loc":{"start":{"line":101,"column":8},"end":{"line":101,"column":37}},"type":"binary-expr","locations":[{"start":{"line":101,"column":8},"end":{"line":101,"column":20}},{"start":{"line":101,"column":24},"end":{"line":101,"column":37}}]},"19":{"loc":{"start":{"line":107,"column":4},"end":{"line":107,"column":null}},"type":"if","locations":[{"start":{"line":107,"column":4},"end":{"line":107,"column":null}},{"start":{},"end":{}}]},"20":{"loc":{"start":{"line":107,"column":8},"end":{"line":107,"column":37}},"type":"binary-expr","locations":[{"start":{"line":107,"column":8},"end":{"line":107,"column":20}},{"start":{"line":107,"column":24},"end":{"line":107,"column":37}}]},"21":{"loc":{"start":{"line":118,"column":4},"end":{"line":118,"column":null}},"type":"if","locations":[{"start":{"line":118,"column":4},"end":{"line":118,"column":null}},{"start":{},"end":{}}]},"22":{"loc":{"start":{"line":133,"column":4},"end":{"line":133,"column":45}},"type":"if","locations":[{"start":{"line":133,"column":4},"end":{"line":133,"column":45}},{"start":{},"end":{}}]},"23":{"loc":{"start":{"line":133,"column":8},"end":{"line":133,"column":37}},"type":"binary-expr","locations":[{"start":{"line":133,"column":8},"end":{"line":133,"column":20}},{"start":{"line":133,"column":24},"end":{"line":133,"column":37}}]},"24":{"loc":{"start":{"line":136,"column":6},"end":{"line":138,"column":7}},"type":"if","locations":[{"start":{"line":136,"column":6},"end":{"line":138,"column":7}},{"start":{},"end":{}}]}},"s":{"0":1,"1":1,"2":1,"3":31,"4":31,"5":31,"6":19,"7":19,"8":1,"9":1,"10":18,"11":18,"12":0,"13":0,"14":0,"15":0,"16":18,"17":18,"18":18,"19":18,"20":0,"21":0,"22":2,"23":1,"24":1,"25":1,"26":0,"27":0,"28":0,"29":6,"30":2,"31":4,"32":5,"33":2,"34":3,"35":2,"36":1,"37":3,"38":1,"39":2,"40":1,"41":3,"42":1,"43":2,"44":2,"45":2,"46":1,"47":1,"48":2,"49":1,"50":1,"51":2,"52":1,"53":1,"54":4,"55":4,"56":2,"57":2,"58":2,"59":1,"60":2,"61":3,"62":1,"63":2,"64":2,"65":2,"66":1,"67":4,"68":1,"69":1},"f":{"0":19,"1":0,"2":2,"3":0,"4":0,"5":6,"6":5,"7":3,"8":3,"9":2,"10":2,"11":2,"12":4,"13":2,"14":3,"15":4},"b":{"0":[1,18],"1":[0,0],"2":[1,1],"3":[0,0],"4":[0,0],"5":[2,4],"6":[6,4],"7":[2,3],"8":[5,3],"9":[2,1],"10":[1,2],"11":[3,2],"12":[1,1],"13":[1,2],"14":[3,2],"15":[1,1],"16":[2,1],"17":[1,1],"18":[2,1],"19":[1,1],"20":[2,1],"21":[2,2],"22":[1,2],"23":[3,2],"24":[1,1]}},"C:\\Users\\lucas\\OneDrive\\Desktop\\mythrion\\server\\src\\app.service.ts":{"path":"C:\\Users\\lucas\\OneDrive\\Desktop\\mythrion\\server\\src\\app.service.ts","statementMap":{"0":{"start":{"line":1,"column":0},"end":{"line":1,"column":44}},"1":{"start":{"line":4,"column":7},"end":{"line":8,"column":null}},"2":{"start":{"line":6,"column":4},"end":{"line":6,"column":26}},"3":{"start":{"line":4,"column":13},"end":{"line":4,"column":23}},"4":{"start":{"line":4,"column":13},"end":{"line":8,"column":null}}},"fnMap":{"0":{"name":"(anonymous_1)","decl":{"start":{"line":5,"column":2},"end":{"line":5,"column":10}},"loc":{"start":{"line":5,"column":10},"end":{"line":7,"column":3}}}},"branchMap":{},"s":{"0":0,"1":0,"2":0,"3":0,"4":0},"f":{"0":0},"b":{}},"C:\\Users\\lucas\\OneDrive\\Desktop\\mythrion\\server\\src\\auth\\jwt-auth.guard.ts":{"path":"C:\\Users\\lucas\\OneDrive\\Desktop\\mythrion\\server\\src\\auth\\jwt-auth.guard.ts","statementMap":{"0":{"start":{"line":1,"column":0},"end":{"line":1,"column":null}},"1":{"start":{"line":7,"column":0},"end":{"line":7,"column":40}},"2":{"start":{"line":15,"column":7},"end":{"line":36,"column":null}},"3":{"start":{"line":16,"column":31},"end":{"line":16,"column":43}},"4":{"start":{"line":19,"column":16},"end":{"line":19,"column":73}},"5":{"start":{"line":20,"column":19},"end":{"line":20,"column":44}},"6":{"start":{"line":22,"column":4},"end":{"line":24,"column":5}},"7":{"start":{"line":23,"column":6},"end":{"line":23,"column":null}},"8":{"start":{"line":26,"column":18},"end":{"line":26,"column":33}},"9":{"start":{"line":28,"column":4},"end":{"line":34,"column":5}},"10":{"start":{"line":29,"column":22},"end":{"line":29,"column":83}},"11":{"start":{"line":30,"column":6},"end":{"line":30,"column":null}},"12":{"start":{"line":31,"column":6},"end":{"line":31,"column":null}},"13":{"start":{"line":33,"column":6},"end":{"line":33,"column":null}},"14":{"start":{"line":15,"column":13},"end":{"line":15,"column":25}},"15":{"start":{"line":15,"column":13},"end":{"line":36,"column":null}}},"fnMap":{"0":{"name":"(anonymous_2)","decl":{"start":{"line":16,"column":2},"end":{"line":16,"column":31}},"loc":{"start":{"line":16,"column":53},"end":{"line":16,"column":57}}},"1":{"name":"(anonymous_3)","decl":{"start":{"line":18,"column":2},"end":{"line":18,"column":13}},"loc":{"start":{"line":18,"column":39},"end":{"line":35,"column":3}}}},"branchMap":{"0":{"loc":{"start":{"line":22,"column":4},"end":{"line":24,"column":5}},"type":"if","locations":[{"start":{"line":22,"column":4},"end":{"line":24,"column":5}},{"start":{},"end":{}}]},"1":{"loc":{"start":{"line":22,"column":8},"end":{"line":22,"column":48}},"type":"binary-expr","locations":[{"start":{"line":22,"column":8},"end":{"line":22,"column":15}},{"start":{"line":22,"column":19},"end":{"line":22,"column":48}}]},"2":{"loc":{"start":{"line":16,"column":43},"end":{"line":16,"column":56}},"type":"cond-expr","locations":[{"start":{"line":16,"column":53},"end":{"line":16,"column":56}},{"start":{"line":16,"column":53},"end":{"line":16,"column":56}}]},"3":{"loc":{"start":{"line":16,"column":43},"end":{"line":16,"column":53}},"type":"binary-expr","locations":[{"start":{"line":16,"column":43},"end":{"line":16,"column":56}},{"start":{"line":16,"column":43},"end":{"line":16,"column":53}}]}},"s":{"0":0,"1":0,"2":0,"3":0,"4":0,"5":0,"6":0,"7":0,"8":0,"9":0,"10":0,"11":0,"12":0,"13":0,"14":0,"15":0},"f":{"0":0,"1":0},"b":{"0":[0,0],"1":[0,0],"2":[0,0],"3":[0,0]}},"C:\\Users\\lucas\\OneDrive\\Desktop\\mythrion\\server\\src\\email\\email.service.ts":{"path":"C:\\Users\\lucas\\OneDrive\\Desktop\\mythrion\\server\\src\\email\\email.service.ts","statementMap":{"0":{"start":{"line":1,"column":0},"end":{"line":1,"column":51}},"1":{"start":{"line":2,"column":0},"end":{"line":2,"column":31}},"2":{"start":{"line":5,"column":25},"end":{"line":96,"column":null}},"3":{"start":{"line":6,"column":28},"end":{"line":6,"column":57}},"4":{"start":{"line":10,"column":19},"end":{"line":10,"column":45}},"5":{"start":{"line":11,"column":4},"end":{"line":11,"column":null}},"6":{"start":{"line":22,"column":4},"end":{"line":27,"column":5}},"7":{"start":{"line":23,"column":6},"end":{"line":25,"column":null}},"8":{"start":{"line":26,"column":6},"end":{"line":26,"column":12}},"9":{"start":{"line":29,"column":17},"end":{"line":29,"column":49}},"10":{"start":{"line":31,"column":4},"end":{"line":43,"column":5}},"11":{"start":{"line":32,"column":21},"end":{"line":37,"column":8}},"12":{"start":{"line":38,"column":6},"end":{"line":38,"column":null}},"13":{"start":{"line":40,"column":6},"end":{"line":42,"column":null}},"14":{"start":{"line":53,"column":23},"end":{"line":57,"column":6}},"15":{"start":{"line":59,"column":4},"end":{"line":94,"column":null}},"16":{"start":{"line":5,"column":13},"end":{"line":5,"column":25}},"17":{"start":{"line":5,"column":13},"end":{"line":96,"column":null}}},"fnMap":{"0":{"name":"(anonymous_2)","decl":{"start":{"line":9,"column":2},"end":{"line":9,"column":null}},"loc":{"start":{"line":9,"column":2},"end":{"line":12,"column":3}}},"1":{"name":"(anonymous_3)","decl":{"start":{"line":14,"column":2},"end":{"line":14,"column":7}},"loc":{"start":{"line":21,"column":3},"end":{"line":44,"column":3}}},"2":{"name":"(anonymous_4)","decl":{"start":{"line":46,"column":10},"end":{"line":46,"column":29}},"loc":{"start":{"line":52,"column":3},"end":{"line":95,"column":3}}}},"branchMap":{"0":{"loc":{"start":{"line":11,"column":18},"end":{"line":11,"column":52}},"type":"cond-expr","locations":[{"start":{"line":11,"column":27},"end":{"line":11,"column":45}},{"start":{"line":11,"column":48},"end":{"line":11,"column":52}}]},"1":{"loc":{"start":{"line":22,"column":4},"end":{"line":27,"column":5}},"type":"if","locations":[{"start":{"line":22,"column":4},"end":{"line":27,"column":5}},{"start":{},"end":{}}]},"2":{"loc":{"start":{"line":41,"column":44},"end":{"line":41,"column":92}},"type":"cond-expr","locations":[{"start":{"line":41,"column":67},"end":{"line":41,"column":78}},{"start":{"line":41,"column":81},"end":{"line":41,"column":92}}]}},"s":{"0":0,"1":0,"2":0,"3":0,"4":0,"5":0,"6":0,"7":0,"8":0,"9":0,"10":0,"11":0,"12":0,"13":0,"14":0,"15":0,"16":0,"17":0},"f":{"0":0,"1":0,"2":0},"b":{"0":[0,0],"1":[0,0],"2":[0,0]}},"C:\\Users\\lucas\\OneDrive\\Desktop\\mythrion\\server\\src\\prisma.service.ts":{"path":"C:\\Users\\lucas\\OneDrive\\Desktop\\mythrion\\server\\src\\prisma.service.ts","statementMap":{"0":{"start":{"line":1,"column":0},"end":{"line":1,"column":66}},"1":{"start":{"line":2,"column":0},"end":{"line":2,"column":60}},"2":{"start":{"line":3,"column":0},"end":{"line":3,"column":46}},"3":{"start":{"line":4,"column":0},"end":{"line":4,"column":20}},"4":{"start":{"line":7,"column":26},"end":{"line":38,"column":null}},"5":{"start":{"line":8,"column":28},"end":{"line":8,"column":58}},"6":{"start":{"line":11,"column":19},"end":{"line":11,"column":44}},"7":{"start":{"line":15,"column":18},"end":{"line":15,"column":49}},"8":{"start":{"line":18,"column":17},"end":{"line":23,"column":6}},"9":{"start":{"line":24,"column":20},"end":{"line":24,"column":38}},"10":{"start":{"line":25,"column":4},"end":{"line":25,"column":23}},"11":{"start":{"line":29,"column":4},"end":{"line":36,"column":5}},"12":{"start":{"line":30,"column":6},"end":{"line":30,"column":28}},"13":{"start":{"line":31,"column":6},"end":{"line":31,"column":47}},"14":{"start":{"line":33,"column":6},"end":{"line":35,"column":8}},"15":{"start":{"line":7,"column":13},"end":{"line":7,"column":26}},"16":{"start":{"line":7,"column":13},"end":{"line":38,"column":null}}},"fnMap":{"0":{"name":"(anonymous_3)","decl":{"start":{"line":10,"column":2},"end":{"line":10,"column":null}},"loc":{"start":{"line":10,"column":2},"end":{"line":26,"column":3}}},"1":{"name":"(anonymous_4)","decl":{"start":{"line":28,"column":2},"end":{"line":28,"column":7}},"loc":{"start":{"line":28,"column":20},"end":{"line":37,"column":3}}}},"branchMap":{"0":{"loc":{"start":{"line":34,"column":42},"end":{"line":34,"column":90}},"type":"cond-expr","locations":[{"start":{"line":34,"column":65},"end":{"line":34,"column":76}},{"start":{"line":34,"column":79},"end":{"line":34,"column":90}}]}},"s":{"0":0,"1":0,"2":0,"3":0,"4":0,"5":0,"6":0,"7":0,"8":0,"9":0,"10":0,"11":0,"12":0,"13":0,"14":0,"15":0,"16":0},"f":{"0":0,"1":0},"b":{"0":[0,0]}},"C:\\Users\\lucas\\OneDrive\\Desktop\\mythrion\\server\\src\\formula\\formula.service.ts":{"path":"C:\\Users\\lucas\\OneDrive\\Desktop\\mythrion\\server\\src\\formula\\formula.service.ts","statementMap":{"0":{"start":{"line":1,"column":0},"end":{"line":1,"column":64}},"1":{"start":{"line":2,"column":0},"end":{"line":2,"column":36}},"2":{"start":{"line":5,"column":13},"end":{"line":5,"column":24}},"3":{"start":{"line":8,"column":25},"end":{"line":11,"column":null}},"4":{"start":{"line":15,"column":2},"end":{"line":15,"column":null}},"5":{"start":{"line":15,"column":73},"end":{"line":15,"column":85}},"6":{"start":{"line":17,"column":25},"end":{"line":17,"column":60}},"7":{"start":{"line":20,"column":7},"end":{"line":173,"column":null}},"8":{"start":{"line":27,"column":4},"end":{"line":27,"column":null}},"9":{"start":{"line":31,"column":4},"end":{"line":33,"column":5}},"10":{"start":{"line":32,"column":6},"end":{"line":32,"column":null}},"11":{"start":{"line":35,"column":4},"end":{"line":35,"column":null}},"12":{"start":{"line":38,"column":4},"end":{"line":38,"column":null}},"13":{"start":{"line":40,"column":4},"end":{"line":56,"column":5}},"14":{"start":{"line":41,"column":45},"end":{"line":41,"column":61}},"15":{"start":{"line":42,"column":21},"end":{"line":42,"column":52}},"16":{"start":{"line":44,"column":6},"end":{"line":46,"column":7}},"17":{"start":{"line":45,"column":8},"end":{"line":45,"column":null}},"18":{"start":{"line":48,"column":6},"end":{"line":50,"column":7}},"19":{"start":{"line":49,"column":8},"end":{"line":49,"column":null}},"20":{"start":{"line":52,"column":6},"end":{"line":52,"column":44}},"21":{"start":{"line":54,"column":6},"end":{"line":54,"column":null}},"22":{"start":{"line":54,"column":46},"end":{"line":54,"column":null}},"23":{"start":{"line":55,"column":6},"end":{"line":55,"column":null}},"24":{"start":{"line":65,"column":4},"end":{"line":65,"column":null}},"25":{"start":{"line":69,"column":4},"end":{"line":71,"column":5}},"26":{"start":{"line":70,"column":6},"end":{"line":70,"column":12}},"27":{"start":{"line":73,"column":4},"end":{"line":81,"column":5}},"28":{"start":{"line":74,"column":19},"end":{"line":74,"column":40}},"29":{"start":{"line":77,"column":6},"end":{"line":77,"column":null}},"30":{"start":{"line":79,"column":6},"end":{"line":79,"column":null}},"31":{"start":{"line":79,"column":46},"end":{"line":79,"column":null}},"32":{"start":{"line":80,"column":6},"end":{"line":80,"column":null}},"33":{"start":{"line":85,"column":4},"end":{"line":85,"column":49}},"34":{"start":{"line":85,"column":43},"end":{"line":85,"column":49}},"35":{"start":{"line":87,"column":14},"end":{"line":87,"column":45}},"36":{"start":{"line":89,"column":4},"end":{"line":99,"column":5}},"37":{"start":{"line":90,"column":19},"end":{"line":90,"column":35}},"38":{"start":{"line":92,"column":6},"end":{"line":94,"column":7}},"39":{"start":{"line":93,"column":8},"end":{"line":93,"column":null}},"40":{"start":{"line":96,"column":6},"end":{"line":98,"column":7}},"41":{"start":{"line":97,"column":8},"end":{"line":97,"column":null}},"42":{"start":{"line":101,"column":4},"end":{"line":106,"column":5}},"43":{"start":{"line":102,"column":21},"end":{"line":102,"column":37}},"44":{"start":{"line":103,"column":6},"end":{"line":105,"column":7}},"45":{"start":{"line":104,"column":8},"end":{"line":104,"column":null}},"46":{"start":{"line":108,"column":4},"end":{"line":113,"column":5}},"47":{"start":{"line":109,"column":17},"end":{"line":109,"column":31}},"48":{"start":{"line":110,"column":6},"end":{"line":112,"column":7}},"49":{"start":{"line":111,"column":8},"end":{"line":111,"column":null}},"50":{"start":{"line":116,"column":4},"end":{"line":120,"column":5}},"51":{"start":{"line":117,"column":6},"end":{"line":119,"column":7}},"52":{"start":{"line":118,"column":8},"end":{"line":118,"column":null}},"53":{"start":{"line":123,"column":4},"end":{"line":125,"column":5}},"54":{"start":{"line":124,"column":6},"end":{"line":124,"column":null}},"55":{"start":{"line":132,"column":4},"end":{"line":134,"column":5}},"56":{"start":{"line":133,"column":6},"end":{"line":133,"column":null}},"57":{"start":{"line":136,"column":4},"end":{"line":147,"column":5}},"58":{"start":{"line":137,"column":26},"end":{"line":137,"column":53}},"59":{"start":{"line":138,"column":6},"end":{"line":138,"column":null}},"60":{"start":{"line":139,"column":21},"end":{"line":139,"column":61}},"61":{"start":{"line":140,"column":6},"end":{"line":140,"column":null}},"62":{"start":{"line":142,"column":6},"end":{"line":146,"column":null}},"63":{"start":{"line":156,"column":4},"end":{"line":156,"column":null}},"64":{"start":{"line":156,"column":49},"end":{"line":156,"column":null}},"65":{"start":{"line":157,"column":24},"end":{"line":157,"column":51}},"66":{"start":{"line":158,"column":19},"end":{"line":158,"column":69}},"67":{"start":{"line":159,"column":26},"end":{"line":162,"column":6}},"68":{"start":{"line":163,"column":17},"end":{"line":163,"column":34}},"69":{"start":{"line":164,"column":27},"end":{"line":164,"column":29}},"70":{"start":{"line":165,"column":4},"end":{"line":170,"column":5}},"71":{"start":{"line":166,"column":6},"end":{"line":169,"column":7}},"72":{"start":{"line":167,"column":8},"end":{"line":167,"column":null}},"73":{"start":{"line":168,"column":8},"end":{"line":168,"column":null}},"74":{"start":{"line":171,"column":4},"end":{"line":171,"column":null}},"75":{"start":{"line":20,"column":13},"end":{"line":20,"column":27}},"76":{"start":{"line":20,"column":13},"end":{"line":173,"column":null}}},"fnMap":{"0":{"name":"transformModSyntax","decl":{"start":{"line":13,"column":9},"end":{"line":13,"column":27}},"loc":{"start":{"line":13,"column":43},"end":{"line":16,"column":1}}},"1":{"name":"(anonymous_2)","decl":{"start":{"line":15,"column":61},"end":{"line":15,"column":62}},"loc":{"start":{"line":15,"column":73},"end":{"line":15,"column":85}}},"2":{"name":"(anonymous_3)","decl":{"start":{"line":26,"column":2},"end":{"line":26,"column":10}},"loc":{"start":{"line":26,"column":61},"end":{"line":28,"column":3}}},"3":{"name":"(anonymous_4)","decl":{"start":{"line":30,"column":10},"end":{"line":30,"column":21}},"loc":{"start":{"line":30,"column":74},"end":{"line":57,"column":3}}},"4":{"name":"(anonymous_5)","decl":{"start":{"line":64,"column":2},"end":{"line":64,"column":10}},"loc":{"start":{"line":64,"column":52},"end":{"line":66,"column":3}}},"5":{"name":"(anonymous_6)","decl":{"start":{"line":68,"column":10},"end":{"line":68,"column":21}},"loc":{"start":{"line":68,"column":65},"end":{"line":82,"column":3}}},"6":{"name":"(anonymous_7)","decl":{"start":{"line":84,"column":10},"end":{"line":84,"column":22}},"loc":{"start":{"line":84,"column":62},"end":{"line":126,"column":3}}},"7":{"name":"(anonymous_8)","decl":{"start":{"line":131,"column":2},"end":{"line":131,"column":9}},"loc":{"start":{"line":131,"column":60},"end":{"line":148,"column":3}}},"8":{"name":"(anonymous_9)","decl":{"start":{"line":155,"column":2},"end":{"line":155,"column":18}},"loc":{"start":{"line":155,"column":34},"end":{"line":172,"column":3}}}},"branchMap":{"0":{"loc":{"start":{"line":31,"column":4},"end":{"line":33,"column":5}},"type":"if","locations":[{"start":{"line":31,"column":4},"end":{"line":33,"column":5}},{"start":{},"end":{}}]},"1":{"loc":{"start":{"line":31,"column":8},"end":{"line":31,"column":51}},"type":"binary-expr","locations":[{"start":{"line":31,"column":8},"end":{"line":31,"column":18}},{"start":{"line":31,"column":22},"end":{"line":31,"column":51}}]},"2":{"loc":{"start":{"line":44,"column":6},"end":{"line":46,"column":7}},"type":"if","locations":[{"start":{"line":44,"column":6},"end":{"line":46,"column":7}},{"start":{},"end":{}}]},"3":{"loc":{"start":{"line":48,"column":6},"end":{"line":50,"column":7}},"type":"if","locations":[{"start":{"line":48,"column":6},"end":{"line":50,"column":7}},{"start":{},"end":{}}]},"4":{"loc":{"start":{"line":54,"column":6},"end":{"line":54,"column":null}},"type":"if","locations":[{"start":{"line":54,"column":6},"end":{"line":54,"column":null}},{"start":{},"end":{}}]},"5":{"loc":{"start":{"line":55,"column":67},"end":{"line":55,"column":119}},"type":"cond-expr","locations":[{"start":{"line":55,"column":90},"end":{"line":55,"column":101}},{"start":{"line":55,"column":104},"end":{"line":55,"column":119}}]},"6":{"loc":{"start":{"line":69,"column":4},"end":{"line":71,"column":5}},"type":"if","locations":[{"start":{"line":69,"column":4},"end":{"line":71,"column":5}},{"start":{},"end":{}}]},"7":{"loc":{"start":{"line":69,"column":8},"end":{"line":69,"column":51}},"type":"binary-expr","locations":[{"start":{"line":69,"column":8},"end":{"line":69,"column":18}},{"start":{"line":69,"column":22},"end":{"line":69,"column":51}}]},"8":{"loc":{"start":{"line":79,"column":6},"end":{"line":79,"column":null}},"type":"if","locations":[{"start":{"line":79,"column":6},"end":{"line":79,"column":null}},{"start":{},"end":{}}]},"9":{"loc":{"start":{"line":80,"column":56},"end":{"line":80,"column":107}},"type":"cond-expr","locations":[{"start":{"line":80,"column":79},"end":{"line":80,"column":90}},{"start":{"line":80,"column":93},"end":{"line":80,"column":107}}]},"10":{"loc":{"start":{"line":85,"column":4},"end":{"line":85,"column":49}},"type":"if","locations":[{"start":{"line":85,"column":4},"end":{"line":85,"column":49}},{"start":{},"end":{}}]},"11":{"loc":{"start":{"line":85,"column":8},"end":{"line":85,"column":41}},"type":"binary-expr","locations":[{"start":{"line":85,"column":8},"end":{"line":85,"column":13}},{"start":{"line":85,"column":17},"end":{"line":85,"column":41}}]},"12":{"loc":{"start":{"line":89,"column":4},"end":{"line":99,"column":5}},"type":"if","locations":[{"start":{"line":89,"column":4},"end":{"line":99,"column":5}},{"start":{},"end":{}}]},"13":{"loc":{"start":{"line":92,"column":6},"end":{"line":94,"column":7}},"type":"if","locations":[{"start":{"line":92,"column":6},"end":{"line":94,"column":7}},{"start":{},"end":{}}]},"14":{"loc":{"start":{"line":96,"column":6},"end":{"line":98,"column":7}},"type":"if","locations":[{"start":{"line":96,"column":6},"end":{"line":98,"column":7}},{"start":{},"end":{}}]},"15":{"loc":{"start":{"line":101,"column":4},"end":{"line":106,"column":5}},"type":"if","locations":[{"start":{"line":101,"column":4},"end":{"line":106,"column":5}},{"start":{},"end":{}}]},"16":{"loc":{"start":{"line":103,"column":6},"end":{"line":105,"column":7}},"type":"if","locations":[{"start":{"line":103,"column":6},"end":{"line":105,"column":7}},{"start":{},"end":{}}]},"17":{"loc":{"start":{"line":108,"column":4},"end":{"line":113,"column":5}},"type":"if","locations":[{"start":{"line":108,"column":4},"end":{"line":113,"column":5}},{"start":{},"end":{}}]},"18":{"loc":{"start":{"line":110,"column":6},"end":{"line":112,"column":7}},"type":"if","locations":[{"start":{"line":110,"column":6},"end":{"line":112,"column":7}},{"start":{},"end":{}}]},"19":{"loc":{"start":{"line":110,"column":10},"end":{"line":110,"column":119}},"type":"binary-expr","locations":[{"start":{"line":110,"column":10},"end":{"line":110,"column":40}},{"start":{"line":110,"column":44},"end":{"line":110,"column":119}}]},"20":{"loc":{"start":{"line":116,"column":4},"end":{"line":120,"column":5}},"type":"if","locations":[{"start":{"line":116,"column":4},"end":{"line":120,"column":5}},{"start":{},"end":{}}]},"21":{"loc":{"start":{"line":116,"column":8},"end":{"line":116,"column":39}},"type":"binary-expr","locations":[{"start":{"line":116,"column":8},"end":{"line":116,"column":14}},{"start":{"line":116,"column":18},"end":{"line":116,"column":39}}]},"22":{"loc":{"start":{"line":123,"column":4},"end":{"line":125,"column":5}},"type":"if","locations":[{"start":{"line":123,"column":4},"end":{"line":125,"column":5}},{"start":{},"end":{}}]},"23":{"loc":{"start":{"line":132,"column":4},"end":{"line":134,"column":5}},"type":"if","locations":[{"start":{"line":132,"column":4},"end":{"line":134,"column":5}},{"start":{},"end":{}}]},"24":{"loc":{"start":{"line":132,"column":8},"end":{"line":132,"column":47}},"type":"binary-expr","locations":[{"start":{"line":132,"column":8},"end":{"line":132,"column":16}},{"start":{"line":132,"column":20},"end":{"line":132,"column":47}}]},"25":{"loc":{"start":{"line":145,"column":15},"end":{"line":145,"column":69}},"type":"cond-expr","locations":[{"start":{"line":145,"column":38},"end":{"line":145,"column":49}},{"start":{"line":145,"column":52},"end":{"line":145,"column":69}}]},"26":{"loc":{"start":{"line":156,"column":4},"end":{"line":156,"column":null}},"type":"if","locations":[{"start":{"line":156,"column":4},"end":{"line":156,"column":null}},{"start":{},"end":{}}]},"27":{"loc":{"start":{"line":156,"column":8},"end":{"line":156,"column":47}},"type":"binary-expr","locations":[{"start":{"line":156,"column":8},"end":{"line":156,"column":16}},{"start":{"line":156,"column":20},"end":{"line":156,"column":47}}]},"28":{"loc":{"start":{"line":158,"column":19},"end":{"line":158,"column":69}},"type":"binary-expr","locations":[{"start":{"line":158,"column":19},"end":{"line":158,"column":63}},{"start":{"line":158,"column":67},"end":{"line":158,"column":69}}]},"29":{"loc":{"start":{"line":166,"column":6},"end":{"line":169,"column":7}},"type":"if","locations":[{"start":{"line":166,"column":6},"end":{"line":169,"column":7}},{"start":{},"end":{}}]},"30":{"loc":{"start":{"line":166,"column":10},"end":{"line":166,"column":47}},"type":"binary-expr","locations":[{"start":{"line":166,"column":10},"end":{"line":166,"column":31}},{"start":{"line":166,"column":35},"end":{"line":166,"column":47}}]}},"s":{"0":0,"1":0,"2":0,"3":0,"4":0,"5":0,"6":0,"7":0,"8":0,"9":0,"10":0,"11":0,"12":0,"13":0,"14":0,"15":0,"16":0,"17":0,"18":0,"19":0,"20":0,"21":0,"22":0,"23":0,"24":0,"25":0,"26":0,"27":0,"28":0,"29":0,"30":0,"31":0,"32":0,"33":0,"34":0,"35":0,"36":0,"37":0,"38":0,"39":0,"40":0,"41":0,"42":0,"43":0,"44":0,"45":0,"46":0,"47":0,"48":0,"49":0,"50":0,"51":0,"52":0,"53":0,"54":0,"55":0,"56":0,"57":0,"58":0,"59":0,"60":0,"61":0,"62":0,"63":0,"64":0,"65":0,"66":0,"67":0,"68":0,"69":0,"70":0,"71":0,"72":0,"73":0,"74":0,"75":0,"76":0},"f":{"0":0,"1":0,"2":0,"3":0,"4":0,"5":0,"6":0,"7":0,"8":0},"b":{"0":[0,0],"1":[0,0],"2":[0,0],"3":[0,0],"4":[0,0],"5":[0,0],"6":[0,0],"7":[0,0],"8":[0,0],"9":[0,0],"10":[0,0],"11":[0,0],"12":[0,0],"13":[0,0],"14":[0,0],"15":[0,0],"16":[0,0],"17":[0,0],"18":[0,0],"19":[0,0],"20":[0,0],"21":[0,0],"22":[0,0],"23":[0,0],"24":[0,0],"25":[0,0],"26":[0,0],"27":[0,0],"28":[0,0],"29":[0,0],"30":[0,0]}},"C:\\Users\\lucas\\OneDrive\\Desktop\\mythrion\\server\\src\\auth\\auth.service.ts":{"path":"C:\\Users\\lucas\\OneDrive\\Desktop\\mythrion\\server\\src\\auth\\auth.service.ts","statementMap":{"0":{"start":{"line":1,"column":0},"end":{"line":1,"column":null}},"1":{"start":{"line":6,"column":0},"end":{"line":6,"column":32}},"2":{"start":{"line":7,"column":0},"end":{"line":7,"column":52}},"3":{"start":{"line":8,"column":0},"end":{"line":8,"column":49}},"4":{"start":{"line":14,"column":7},"end":{"line":129,"column":null}},"5":{"start":{"line":15,"column":55},"end":{"line":15,"column":59}},"6":{"start":{"line":18,"column":21},"end":{"line":18,"column":29}},"7":{"start":{"line":19,"column":21},"end":{"line":19,"column":35}},"8":{"start":{"line":25,"column":4},"end":{"line":28,"column":5}},"9":{"start":{"line":27,"column":6},"end":{"line":27,"column":null}},"10":{"start":{"line":29,"column":4},"end":{"line":29,"column":null}},"11":{"start":{"line":33,"column":21},"end":{"line":35,"column":6}},"12":{"start":{"line":36,"column":4},"end":{"line":38,"column":5}},"13":{"start":{"line":37,"column":6},"end":{"line":37,"column":null}},"14":{"start":{"line":40,"column":25},"end":{"line":40,"column":60}},"15":{"start":{"line":41,"column":17},"end":{"line":47,"column":6}},"16":{"start":{"line":49,"column":4},"end":{"line":49,"column":null}},"17":{"start":{"line":53,"column":17},"end":{"line":55,"column":6}},"18":{"start":{"line":56,"column":4},"end":{"line":58,"column":5}},"19":{"start":{"line":57,"column":6},"end":{"line":57,"column":null}},"20":{"start":{"line":60,"column":4},"end":{"line":64,"column":5}},"21":{"start":{"line":61,"column":6},"end":{"line":63,"column":null}},"22":{"start":{"line":66,"column":18},"end":{"line":66,"column":71}},"23":{"start":{"line":67,"column":4},"end":{"line":69,"column":5}},"24":{"start":{"line":68,"column":6},"end":{"line":68,"column":null}},"25":{"start":{"line":71,"column":4},"end":{"line":71,"column":null}},"26":{"start":{"line":75,"column":4},"end":{"line":75,"column":null}},"27":{"start":{"line":79,"column":4},"end":{"line":79,"column":null}},"28":{"start":{"line":80,"column":4},"end":{"line":80,"column":null}},"29":{"start":{"line":84,"column":17},"end":{"line":90,"column":6}},"30":{"start":{"line":91,"column":4},"end":{"line":91,"column":null}},"31":{"start":{"line":95,"column":17},"end":{"line":98,"column":6}},"32":{"start":{"line":99,"column":4},"end":{"line":101,"column":5}},"33":{"start":{"line":100,"column":6},"end":{"line":100,"column":null}},"34":{"start":{"line":102,"column":4},"end":{"line":102,"column":null}},"35":{"start":{"line":106,"column":22},"end":{"line":106,"column":53}},"36":{"start":{"line":107,"column":4},"end":{"line":109,"column":5}},"37":{"start":{"line":108,"column":6},"end":{"line":108,"column":null}},"38":{"start":{"line":110,"column":4},"end":{"line":110,"column":null}},"39":{"start":{"line":114,"column":4},"end":{"line":127,"column":5}},"40":{"start":{"line":115,"column":20},"end":{"line":115,"column":42}},"41":{"start":{"line":116,"column":18},"end":{"line":116,"column":34}},"42":{"start":{"line":117,"column":6},"end":{"line":117,"column":null}},"43":{"start":{"line":117,"column":16},"end":{"line":117,"column":null}},"44":{"start":{"line":119,"column":6},"end":{"line":123,"column":null}},"45":{"start":{"line":126,"column":6},"end":{"line":126,"column":null}},"46":{"start":{"line":14,"column":13},"end":{"line":14,"column":24}},"47":{"start":{"line":14,"column":13},"end":{"line":129,"column":null}}},"fnMap":{"0":{"name":"(anonymous_11)","decl":{"start":{"line":17,"column":2},"end":{"line":17,"column":null}},"loc":{"start":{"line":19,"column":47},"end":{"line":20,"column":6}}},"1":{"name":"(anonymous_12)","decl":{"start":{"line":24,"column":10},"end":{"line":24,"column":15}},"loc":{"start":{"line":24,"column":25},"end":{"line":30,"column":3}}},"2":{"name":"(anonymous_13)","decl":{"start":{"line":32,"column":2},"end":{"line":32,"column":7}},"loc":{"start":{"line":32,"column":33},"end":{"line":50,"column":3}}},"3":{"name":"(anonymous_14)","decl":{"start":{"line":52,"column":2},"end":{"line":52,"column":7}},"loc":{"start":{"line":52,"column":27},"end":{"line":72,"column":3}}},"4":{"name":"(anonymous_15)","decl":{"start":{"line":74,"column":2},"end":{"line":74,"column":7}},"loc":{"start":{"line":74,"column":49},"end":{"line":76,"column":3}}},"5":{"name":"(anonymous_16)","decl":{"start":{"line":78,"column":2},"end":{"line":78,"column":7}},"loc":{"start":{"line":78,"column":29},"end":{"line":81,"column":3}}},"6":{"name":"(anonymous_17)","decl":{"start":{"line":83,"column":2},"end":{"line":83,"column":7}},"loc":{"start":{"line":83,"column":61},"end":{"line":92,"column":3}}},"7":{"name":"(anonymous_18)","decl":{"start":{"line":94,"column":2},"end":{"line":94,"column":7}},"loc":{"start":{"line":94,"column":33},"end":{"line":103,"column":3}}},"8":{"name":"(anonymous_19)","decl":{"start":{"line":105,"column":2},"end":{"line":105,"column":14}},"loc":{"start":{"line":105,"column":27},"end":{"line":111,"column":3}}},"9":{"name":"(anonymous_20)","decl":{"start":{"line":113,"column":2},"end":{"line":113,"column":7}},"loc":{"start":{"line":113,"column":36},"end":{"line":128,"column":3}}}},"branchMap":{"0":{"loc":{"start":{"line":25,"column":4},"end":{"line":28,"column":5}},"type":"if","locations":[{"start":{"line":25,"column":4},"end":{"line":28,"column":5}},{"start":{},"end":{}}]},"1":{"loc":{"start":{"line":36,"column":4},"end":{"line":38,"column":5}},"type":"if","locations":[{"start":{"line":36,"column":4},"end":{"line":38,"column":5}},{"start":{},"end":{}}]},"2":{"loc":{"start":{"line":45,"column":21},"end":{"line":45,"column":44}},"type":"binary-expr","locations":[{"start":{"line":45,"column":21},"end":{"line":45,"column":36}},{"start":{"line":45,"column":40},"end":{"line":45,"column":44}}]},"3":{"loc":{"start":{"line":56,"column":4},"end":{"line":58,"column":5}},"type":"if","locations":[{"start":{"line":56,"column":4},"end":{"line":58,"column":5}},{"start":{},"end":{}}]},"4":{"loc":{"start":{"line":60,"column":4},"end":{"line":64,"column":5}},"type":"if","locations":[{"start":{"line":60,"column":4},"end":{"line":64,"column":5}},{"start":{},"end":{}}]},"5":{"loc":{"start":{"line":67,"column":4},"end":{"line":69,"column":5}},"type":"if","locations":[{"start":{"line":67,"column":4},"end":{"line":69,"column":5}},{"start":{},"end":{}}]},"6":{"loc":{"start":{"line":99,"column":4},"end":{"line":101,"column":5}},"type":"if","locations":[{"start":{"line":99,"column":4},"end":{"line":101,"column":5}},{"start":{},"end":{}}]},"7":{"loc":{"start":{"line":107,"column":4},"end":{"line":109,"column":5}},"type":"if","locations":[{"start":{"line":107,"column":4},"end":{"line":109,"column":5}},{"start":{},"end":{}}]},"8":{"loc":{"start":{"line":110,"column":11},"end":{"line":110,"column":48}},"type":"binary-expr","locations":[{"start":{"line":110,"column":11},"end":{"line":110,"column":35}},{"start":{"line":110,"column":39},"end":{"line":110,"column":48}}]},"9":{"loc":{"start":{"line":117,"column":6},"end":{"line":117,"column":null}},"type":"if","locations":[{"start":{"line":117,"column":6},"end":{"line":117,"column":null}},{"start":{},"end":{}}]},"10":{"loc":{"start":{"line":18,"column":29},"end":{"line":18,"column":null}},"type":"cond-expr","locations":[{"start":{"line":18,"column":42},"end":{"line":18,"column":null}},{"start":{"line":18,"column":42},"end":{"line":18,"column":null}}]},"11":{"loc":{"start":{"line":18,"column":29},"end":{"line":18,"column":42}},"type":"binary-expr","locations":[{"start":{"line":18,"column":29},"end":{"line":18,"column":null}},{"start":{"line":18,"column":29},"end":{"line":18,"column":42}}]},"12":{"loc":{"start":{"line":18,"column":42},"end":{"line":19,"column":null}},"type":"cond-expr","locations":[{"start":{"line":19,"column":47},"end":{"line":19,"column":null}},{"start":{"line":19,"column":47},"end":{"line":19,"column":null}}]},"13":{"loc":{"start":{"line":18,"column":42},"end":{"line":19,"column":47}},"type":"binary-expr","locations":[{"start":{"line":18,"column":42},"end":{"line":19,"column":null}},{"start":{"line":19,"column":35},"end":{"line":19,"column":47}}]}},"s":{"0":0,"1":0,"2":0,"3":0,"4":0,"5":0,"6":0,"7":0,"8":0,"9":0,"10":0,"11":0,"12":0,"13":0,"14":0,"15":0,"16":0,"17":0,"18":0,"19":0,"20":0,"21":0,"22":0,"23":0,"24":0,"25":0,"26":0,"27":0,"28":0,"29":0,"30":0,"31":0,"32":0,"33":0,"34":0,"35":0,"36":0,"37":0,"38":0,"39":0,"40":0,"41":0,"42":0,"43":0,"44":0,"45":0,"46":0,"47":0},"f":{"0":0,"1":0,"2":0,"3":0,"4":0,"5":0,"6":0,"7":0,"8":0,"9":0},"b":{"0":[0,0],"1":[0,0],"2":[0,0],"3":[0,0],"4":[0,0],"5":[0,0],"6":[0,0],"7":[0,0],"8":[0,0],"9":[0,0],"10":[0,0],"11":[0,0],"12":[0,0],"13":[0,0]}},"C:\\Users\\lucas\\OneDrive\\Desktop\\mythrion\\server\\src\\character-sheet\\ac-calculation.service.ts":{"path":"C:\\Users\\lucas\\OneDrive\\Desktop\\mythrion\\server\\src\\character-sheet\\ac-calculation.service.ts","statementMap":{"0":{"start":{"line":1,"column":0},"end":{"line":1,"column":43}},"1":{"start":{"line":2,"column":0},"end":{"line":2,"column":52}},"2":{"start":{"line":3,"column":0},"end":{"line":3,"column":62}},"3":{"start":{"line":6,"column":7},"end":{"line":225,"column":null}},"4":{"start":{"line":8,"column":21},"end":{"line":8,"column":29}},"5":{"start":{"line":9,"column":21},"end":{"line":9,"column":37}},"6":{"start":{"line":17,"column":18},"end":{"line":24,"column":6}},"7":{"start":{"line":25,"column":4},"end":{"line":25,"column":null}},"8":{"start":{"line":25,"column":16},"end":{"line":25,"column":null}},"9":{"start":{"line":28,"column":28},"end":{"line":39,"column":6}},"10":{"start":{"line":41,"column":4},"end":{"line":41,"column":null}},"11":{"start":{"line":41,"column":38},"end":{"line":41,"column":null}},"12":{"start":{"line":44,"column":29},"end":{"line":46,"column":6}},"13":{"start":{"line":49,"column":33},"end":{"line":54,"column":6}},"14":{"start":{"line":57,"column":23},"end":{"line":57,"column":48}},"15":{"start":{"line":58,"column":4},"end":{"line":61,"column":5}},"16":{"start":{"line":59,"column":18},"end":{"line":59,"column":37}},"17":{"start":{"line":60,"column":6},"end":{"line":60,"column":null}},"18":{"start":{"line":64,"column":21},"end":{"line":70,"column":6}},"19":{"start":{"line":72,"column":20},"end":{"line":72,"column":62}},"20":{"start":{"line":73,"column":29},"end":{"line":73,"column":72}},"21":{"start":{"line":76,"column":31},"end":{"line":76,"column":56}},"22":{"start":{"line":77,"column":4},"end":{"line":93,"column":5}},"23":{"start":{"line":78,"column":6},"end":{"line":92,"column":7}},"24":{"start":{"line":79,"column":26},"end":{"line":79,"column":60}},"25":{"start":{"line":80,"column":8},"end":{"line":91,"column":9}},"26":{"start":{"line":81,"column":52},"end":{"line":81,"column":54}},"27":{"start":{"line":82,"column":10},"end":{"line":85,"column":11}},"28":{"start":{"line":83,"column":24},"end":{"line":83,"column":59}},"29":{"start":{"line":84,"column":12},"end":{"line":84,"column":null}},"30":{"start":{"line":86,"column":10},"end":{"line":86,"column":null}},"31":{"start":{"line":87,"column":22},"end":{"line":87,"column":70}},"32":{"start":{"line":88,"column":10},"end":{"line":88,"column":null}},"33":{"start":{"line":90,"column":10},"end":{"line":90,"column":null}},"34":{"start":{"line":96,"column":25},"end":{"line":98,"column":23}},"35":{"start":{"line":97,"column":37},"end":{"line":97,"column":59}},"36":{"start":{"line":101,"column":4},"end":{"line":101,"column":null}},"37":{"start":{"line":101,"column":51},"end":{"line":101,"column":null}},"38":{"start":{"line":104,"column":4},"end":{"line":116,"column":5}},"39":{"start":{"line":105,"column":48},"end":{"line":105,"column":50}},"40":{"start":{"line":106,"column":6},"end":{"line":114,"column":7}},"41":{"start":{"line":107,"column":8},"end":{"line":113,"column":null}},"42":{"start":{"line":115,"column":6},"end":{"line":115,"column":null}},"43":{"start":{"line":119,"column":4},"end":{"line":125,"column":null}},"44":{"start":{"line":138,"column":16},"end":{"line":138,"column":17}},"45":{"start":{"line":146,"column":9},"end":{"line":146,"column":11}},"46":{"start":{"line":148,"column":4},"end":{"line":169,"column":5}},"47":{"start":{"line":149,"column":6},"end":{"line":168,"column":7}},"48":{"start":{"line":150,"column":25},"end":{"line":150,"column":77}},"49":{"start":{"line":150,"column":53},"end":{"line":150,"column":76}},"50":{"start":{"line":151,"column":20},"end":{"line":151,"column":69}},"51":{"start":{"line":152,"column":8},"end":{"line":157,"column":null}},"52":{"start":{"line":158,"column":8},"end":{"line":158,"column":null}},"53":{"start":{"line":160,"column":27},"end":{"line":160,"column":57}},"54":{"start":{"line":161,"column":8},"end":{"line":166,"column":null}},"55":{"start":{"line":167,"column":8},"end":{"line":167,"column":null}},"56":{"start":{"line":182,"column":9},"end":{"line":182,"column":11}},"57":{"start":{"line":184,"column":4},"end":{"line":216,"column":5}},"58":{"start":{"line":185,"column":6},"end":{"line":215,"column":7}},"59":{"start":{"line":186,"column":30},"end":{"line":186,"column":44}},"60":{"start":{"line":188,"column":8},"end":{"line":195,"column":9}},"61":{"start":{"line":189,"column":26},"end":{"line":189,"column":95}},"62":{"start":{"line":189,"column":59},"end":{"line":189,"column":94}},"63":{"start":{"line":190,"column":10},"end":{"line":194,"column":11}},"64":{"start":{"line":191,"column":12},"end":{"line":191,"column":null}},"65":{"start":{"line":192,"column":17},"end":{"line":194,"column":11}},"66":{"start":{"line":193,"column":12},"end":{"line":193,"column":null}},"67":{"start":{"line":197,"column":23},"end":{"line":197,"column":67}},"68":{"start":{"line":198,"column":8},"end":{"line":198,"column":null}},"69":{"start":{"line":200,"column":29},"end":{"line":202,"column":16}},"70":{"start":{"line":201,"column":45},"end":{"line":201,"column":80}},"71":{"start":{"line":204,"column":8},"end":{"line":214,"column":null}},"72":{"start":{"line":218,"column":4},"end":{"line":223,"column":null}},"73":{"start":{"line":6,"column":13},"end":{"line":6,"column":33}},"74":{"start":{"line":6,"column":13},"end":{"line":225,"column":null}}},"fnMap":{"0":{"name":"(anonymous_2)","decl":{"start":{"line":7,"column":2},"end":{"line":7,"column":null}},"loc":{"start":{"line":9,"column":51},"end":{"line":10,"column":6}}},"1":{"name":"(anonymous_3)","decl":{"start":{"line":16,"column":2},"end":{"line":16,"column":7}},"loc":{"start":{"line":16,"column":66},"end":{"line":126,"column":3}}},"2":{"name":"(anonymous_4)","decl":{"start":{"line":97,"column":31},"end":{"line":97,"column":33}},"loc":{"start":{"line":97,"column":37},"end":{"line":97,"column":59}}},"3":{"name":"(anonymous_5)","decl":{"start":{"line":128,"column":10},"end":{"line":128,"column":27}},"loc":{"start":{"line":136,"column":29},"end":{"line":224,"column":3}}},"4":{"name":"(anonymous_6)","decl":{"start":{"line":150,"column":47},"end":{"line":150,"column":49}},"loc":{"start":{"line":150,"column":53},"end":{"line":150,"column":76}}},"5":{"name":"(anonymous_7)","decl":{"start":{"line":189,"column":52},"end":{"line":189,"column":55}},"loc":{"start":{"line":189,"column":59},"end":{"line":189,"column":94}}},"6":{"name":"(anonymous_8)","decl":{"start":{"line":201,"column":38},"end":{"line":201,"column":41}},"loc":{"start":{"line":201,"column":45},"end":{"line":201,"column":80}}}},"branchMap":{"0":{"loc":{"start":{"line":25,"column":4},"end":{"line":25,"column":null}},"type":"if","locations":[{"start":{"line":25,"column":4},"end":{"line":25,"column":null}},{"start":{},"end":{}}]},"1":{"loc":{"start":{"line":41,"column":4},"end":{"line":41,"column":null}},"type":"if","locations":[{"start":{"line":41,"column":4},"end":{"line":41,"column":null}},{"start":{},"end":{}}]},"2":{"loc":{"start":{"line":60,"column":36},"end":{"line":60,"column":56}},"type":"cond-expr","locations":[{"start":{"line":60,"column":49},"end":{"line":60,"column":50}},{"start":{"line":60,"column":53},"end":{"line":60,"column":56}}]},"3":{"loc":{"start":{"line":72,"column":20},"end":{"line":72,"column":62}},"type":"binary-expr","locations":[{"start":{"line":72,"column":20},"end":{"line":72,"column":54}},{"start":{"line":72,"column":58},"end":{"line":72,"column":62}}]},"4":{"loc":{"start":{"line":73,"column":29},"end":{"line":73,"column":72}},"type":"binary-expr","locations":[{"start":{"line":73,"column":29},"end":{"line":73,"column":64}},{"start":{"line":73,"column":68},"end":{"line":73,"column":72}}]},"5":{"loc":{"start":{"line":77,"column":4},"end":{"line":93,"column":5}},"type":"if","locations":[{"start":{"line":77,"column":4},"end":{"line":93,"column":5}},{"start":{},"end":{}}]},"6":{"loc":{"start":{"line":77,"column":8},"end":{"line":77,"column":35}},"type":"binary-expr","locations":[{"start":{"line":77,"column":8},"end":{"line":77,"column":15}},{"start":{"line":77,"column":19},"end":{"line":77,"column":35}}]},"7":{"loc":{"start":{"line":79,"column":26},"end":{"line":79,"column":60}},"type":"binary-expr","locations":[{"start":{"line":79,"column":26},"end":{"line":79,"column":55}},{"start":{"line":79,"column":59},"end":{"line":79,"column":60}}]},"8":{"loc":{"start":{"line":83,"column":24},"end":{"line":83,"column":59}},"type":"binary-expr","locations":[{"start":{"line":83,"column":24},"end":{"line":83,"column":54}},{"start":{"line":83,"column":58},"end":{"line":83,"column":59}}]},"9":{"loc":{"start":{"line":96,"column":25},"end":{"line":98,"column":23}},"type":"cond-expr","locations":[{"start":{"line":97,"column":8},"end":{"line":97,"column":60}},{"start":{"line":98,"column":8},"end":{"line":98,"column":23}}]},"10":{"loc":{"start":{"line":101,"column":4},"end":{"line":101,"column":null}},"type":"if","locations":[{"start":{"line":101,"column":4},"end":{"line":101,"column":null}},{"start":{},"end":{}}]},"11":{"loc":{"start":{"line":101,"column":8},"end":{"line":101,"column":49}},"type":"binary-expr","locations":[{"start":{"line":101,"column":8},"end":{"line":101,"column":20}},{"start":{"line":101,"column":24},"end":{"line":101,"column":49}}]},"12":{"loc":{"start":{"line":104,"column":4},"end":{"line":116,"column":5}},"type":"if","locations":[{"start":{"line":104,"column":4},"end":{"line":116,"column":5}},{"start":{},"end":{}}]},"13":{"loc":{"start":{"line":149,"column":6},"end":{"line":168,"column":7}},"type":"if","locations":[{"start":{"line":149,"column":6},"end":{"line":168,"column":7}},{"start":{"line":159,"column":13},"end":{"line":168,"column":7}}]},"14":{"loc":{"start":{"line":151,"column":31},"end":{"line":151,"column":68}},"type":"binary-expr","locations":[{"start":{"line":151,"column":31},"end":{"line":151,"column":46}},{"start":{"line":151,"column":50},"end":{"line":151,"column":68}}]},"15":{"loc":{"start":{"line":155,"column":17},"end":{"line":155,"column":37}},"type":"cond-expr","locations":[{"start":{"line":155,"column":30},"end":{"line":155,"column":31}},{"start":{"line":155,"column":34},"end":{"line":155,"column":37}}]},"16":{"loc":{"start":{"line":158,"column":17},"end":{"line":158,"column":37}},"type":"cond-expr","locations":[{"start":{"line":158,"column":30},"end":{"line":158,"column":31}},{"start":{"line":158,"column":34},"end":{"line":158,"column":37}}]},"17":{"loc":{"start":{"line":164,"column":17},"end":{"line":164,"column":51}},"type":"cond-expr","locations":[{"start":{"line":164,"column":37},"end":{"line":164,"column":38}},{"start":{"line":164,"column":41},"end":{"line":164,"column":51}}]},"18":{"loc":{"start":{"line":167,"column":17},"end":{"line":167,"column":51}},"type":"cond-expr","locations":[{"start":{"line":167,"column":37},"end":{"line":167,"column":38}},{"start":{"line":167,"column":41},"end":{"line":167,"column":51}}]},"19":{"loc":{"start":{"line":184,"column":4},"end":{"line":216,"column":5}},"type":"if","locations":[{"start":{"line":184,"column":4},"end":{"line":216,"column":5}},{"start":{},"end":{}}]},"20":{"loc":{"start":{"line":188,"column":8},"end":{"line":195,"column":9}},"type":"if","locations":[{"start":{"line":188,"column":8},"end":{"line":195,"column":9}},{"start":{},"end":{}}]},"21":{"loc":{"start":{"line":190,"column":10},"end":{"line":194,"column":11}},"type":"if","locations":[{"start":{"line":190,"column":10},"end":{"line":194,"column":11}},{"start":{"line":192,"column":17},"end":{"line":194,"column":11}}]},"22":{"loc":{"start":{"line":192,"column":17},"end":{"line":194,"column":11}},"type":"if","locations":[{"start":{"line":192,"column":17},"end":{"line":194,"column":11}},{"start":{},"end":{}}]},"23":{"loc":{"start":{"line":197,"column":23},"end":{"line":197,"column":67}},"type":"binary-expr","locations":[{"start":{"line":197,"column":23},"end":{"line":197,"column":62}},{"start":{"line":197,"column":66},"end":{"line":197,"column":67}}]},"24":{"loc":{"start":{"line":200,"column":29},"end":{"line":202,"column":16}},"type":"cond-expr","locations":[{"start":{"line":201,"column":12},"end":{"line":201,"column":100}},{"start":{"line":202,"column":12},"end":{"line":202,"column":16}}]},"25":{"loc":{"start":{"line":210,"column":32},"end":{"line":210,"column":57}},"type":"binary-expr","locations":[{"start":{"line":210,"column":32},"end":{"line":210,"column":49}},{"start":{"line":210,"column":53},"end":{"line":210,"column":57}}]},"26":{"loc":{"start":{"line":211,"column":33},"end":{"line":211,"column":59}},"type":"binary-expr","locations":[{"start":{"line":211,"column":33},"end":{"line":211,"column":51}},{"start":{"line":211,"column":55},"end":{"line":211,"column":59}}]},"27":{"loc":{"start":{"line":8,"column":29},"end":{"line":8,"column":null}},"type":"cond-expr","locations":[{"start":{"line":8,"column":42},"end":{"line":8,"column":null}},{"start":{"line":8,"column":42},"end":{"line":8,"column":null}}]},"28":{"loc":{"start":{"line":8,"column":29},"end":{"line":8,"column":42}},"type":"binary-expr","locations":[{"start":{"line":8,"column":29},"end":{"line":8,"column":null}},{"start":{"line":8,"column":29},"end":{"line":8,"column":42}}]},"29":{"loc":{"start":{"line":8,"column":42},"end":{"line":9,"column":null}},"type":"cond-expr","locations":[{"start":{"line":9,"column":51},"end":{"line":9,"column":null}},{"start":{"line":9,"column":51},"end":{"line":9,"column":null}}]},"30":{"loc":{"start":{"line":8,"column":42},"end":{"line":9,"column":51}},"type":"binary-expr","locations":[{"start":{"line":8,"column":42},"end":{"line":9,"column":null}},{"start":{"line":9,"column":37},"end":{"line":9,"column":51}}]}},"s":{"0":0,"1":0,"2":0,"3":0,"4":0,"5":0,"6":0,"7":0,"8":0,"9":0,"10":0,"11":0,"12":0,"13":0,"14":0,"15":0,"16":0,"17":0,"18":0,"19":0,"20":0,"21":0,"22":0,"23":0,"24":0,"25":0,"26":0,"27":0,"28":0,"29":0,"30":0,"31":0,"32":0,"33":0,"34":0,"35":0,"36":0,"37":0,"38":0,"39":0,"40":0,"41":0,"42":0,"43":0,"44":0,"45":0,"46":0,"47":0,"48":0,"49":0,"50":0,"51":0,"52":0,"53":0,"54":0,"55":0,"56":0,"57":0,"58":0,"59":0,"60":0,"61":0,"62":0,"63":0,"64":0,"65":0,"66":0,"67":0,"68":0,"69":0,"70":0,"71":0,"72":0,"73":0,"74":0},"f":{"0":0,"1":0,"2":0,"3":0,"4":0,"5":0,"6":0},"b":{"0":[0,0],"1":[0,0],"2":[0,0],"3":[0,0],"4":[0,0],"5":[0,0],"6":[0,0],"7":[0,0],"8":[0,0],"9":[0,0],"10":[0,0],"11":[0,0],"12":[0,0],"13":[0,0],"14":[0,0],"15":[0,0],"16":[0,0],"17":[0,0],"18":[0,0],"19":[0,0],"20":[0,0],"21":[0,0],"22":[0,0],"23":[0,0],"24":[0,0],"25":[0,0],"26":[0,0],"27":[0,0],"28":[0,0],"29":[0,0],"30":[0,0]}},"C:\\Users\\lucas\\OneDrive\\Desktop\\mythrion\\server\\src\\auth\\rate-limit.guard.ts":{"path":"C:\\Users\\lucas\\OneDrive\\Desktop\\mythrion\\server\\src\\auth\\rate-limit.guard.ts","statementMap":{"0":{"start":{"line":1,"column":0},"end":{"line":1,"column":null}},"1":{"start":{"line":9,"column":0},"end":{"line":9,"column":40}},"2":{"start":{"line":10,"column":0},"end":{"line":10,"column":56}},"3":{"start":{"line":12,"column":13},"end":{"line":12,"column":null}},"4":{"start":{"line":27,"column":7},"end":{"line":85,"column":null}},"5":{"start":{"line":29,"column":21},"end":{"line":29,"column":28}},"6":{"start":{"line":30,"column":21},"end":{"line":30,"column":32}},"7":{"start":{"line":34,"column":20},"end":{"line":36,"column":null}},"8":{"start":{"line":38,"column":4},"end":{"line":38,"column":null}},"9":{"start":{"line":38,"column":18},"end":{"line":38,"column":null}},"10":{"start":{"line":40,"column":53},"end":{"line":40,"column":60}},"11":{"start":{"line":43,"column":4},"end":{"line":43,"column":null}},"12":{"start":{"line":43,"column":27},"end":{"line":43,"column":null}},"13":{"start":{"line":45,"column":20},"end":{"line":45,"column":55}},"14":{"start":{"line":46,"column":15},"end":{"line":46,"column":71}},"15":{"start":{"line":47,"column":18},"end":{"line":47,"column":65}},"16":{"start":{"line":50,"column":20},"end":{"line":50,"column":46}},"17":{"start":{"line":51,"column":20},"end":{"line":51,"column":51}},"18":{"start":{"line":52,"column":16},"end":{"line":52,"column":45}},"19":{"start":{"line":54,"column":4},"end":{"line":83,"column":5}},"20":{"start":{"line":56,"column":22},"end":{"line":56,"column":52}},"21":{"start":{"line":59,"column":6},"end":{"line":61,"column":7}},"22":{"start":{"line":60,"column":8},"end":{"line":60,"column":null}},"23":{"start":{"line":63,"column":6},"end":{"line":76,"column":7}},"24":{"start":{"line":64,"column":20},"end":{"line":64,"column":49}},"25":{"start":{"line":65,"column":27},"end":{"line":65,"column":56}},"26":{"start":{"line":67,"column":8},"end":{"line":75,"column":null}},"27":{"start":{"line":78,"column":6},"end":{"line":78,"column":null}},"28":{"start":{"line":80,"column":6},"end":{"line":80,"column":null}},"29":{"start":{"line":80,"column":40},"end":{"line":80,"column":null}},"30":{"start":{"line":81,"column":6},"end":{"line":81,"column":null}},"31":{"start":{"line":82,"column":6},"end":{"line":82,"column":18}},"32":{"start":{"line":27,"column":13},"end":{"line":27,"column":27}},"33":{"start":{"line":27,"column":13},"end":{"line":85,"column":null}}},"fnMap":{"0":{"name":"(anonymous_2)","decl":{"start":{"line":28,"column":2},"end":{"line":28,"column":null}},"loc":{"start":{"line":30,"column":41},"end":{"line":31,"column":6}}},"1":{"name":"(anonymous_3)","decl":{"start":{"line":33,"column":2},"end":{"line":33,"column":7}},"loc":{"start":{"line":33,"column":45},"end":{"line":84,"column":3}}}},"branchMap":{"0":{"loc":{"start":{"line":38,"column":4},"end":{"line":38,"column":null}},"type":"if","locations":[{"start":{"line":38,"column":4},"end":{"line":38,"column":null}},{"start":{},"end":{}}]},"1":{"loc":{"start":{"line":40,"column":12},"end":{"line":40,"column":31}},"type":"default-arg","locations":[{"start":{"line":40,"column":28},"end":{"line":40,"column":31}}]},"2":{"loc":{"start":{"line":40,"column":33},"end":{"line":40,"column":48}},"type":"default-arg","locations":[{"start":{"line":40,"column":47},"end":{"line":40,"column":48}}]},"3":{"loc":{"start":{"line":43,"column":4},"end":{"line":43,"column":null}},"type":"if","locations":[{"start":{"line":43,"column":4},"end":{"line":43,"column":null}},{"start":{},"end":{}}]},"4":{"loc":{"start":{"line":46,"column":15},"end":{"line":46,"column":71}},"type":"binary-expr","locations":[{"start":{"line":46,"column":15},"end":{"line":46,"column":25}},{"start":{"line":46,"column":29},"end":{"line":46,"column":58}},{"start":{"line":46,"column":62},"end":{"line":46,"column":71}}]},"5":{"loc":{"start":{"line":47,"column":18},"end":{"line":47,"column":65}},"type":"binary-expr","locations":[{"start":{"line":47,"column":18},"end":{"line":47,"column":37}},{"start":{"line":47,"column":41},"end":{"line":47,"column":52}},{"start":{"line":47,"column":56},"end":{"line":47,"column":65}}]},"6":{"loc":{"start":{"line":59,"column":6},"end":{"line":61,"column":7}},"type":"if","locations":[{"start":{"line":59,"column":6},"end":{"line":61,"column":7}},{"start":{},"end":{}}]},"7":{"loc":{"start":{"line":63,"column":6},"end":{"line":76,"column":7}},"type":"if","locations":[{"start":{"line":63,"column":6},"end":{"line":76,"column":7}},{"start":{},"end":{}}]},"8":{"loc":{"start":{"line":65,"column":27},"end":{"line":65,"column":56}},"type":"cond-expr","locations":[{"start":{"line":65,"column":37},"end":{"line":65,"column":40}},{"start":{"line":65,"column":43},"end":{"line":65,"column":56}}]},"9":{"loc":{"start":{"line":80,"column":6},"end":{"line":80,"column":null}},"type":"if","locations":[{"start":{"line":80,"column":6},"end":{"line":80,"column":null}},{"start":{},"end":{}}]},"10":{"loc":{"start":{"line":29,"column":28},"end":{"line":29,"column":null}},"type":"cond-expr","locations":[{"start":{"line":29,"column":40},"end":{"line":29,"column":null}},{"start":{"line":29,"column":40},"end":{"line":29,"column":null}}]},"11":{"loc":{"start":{"line":29,"column":28},"end":{"line":29,"column":40}},"type":"binary-expr","locations":[{"start":{"line":29,"column":28},"end":{"line":29,"column":null}},{"start":{"line":29,"column":28},"end":{"line":29,"column":40}}]},"12":{"loc":{"start":{"line":29,"column":40},"end":{"line":30,"column":null}},"type":"cond-expr","locations":[{"start":{"line":30,"column":41},"end":{"line":30,"column":null}},{"start":{"line":30,"column":41},"end":{"line":30,"column":null}}]},"13":{"loc":{"start":{"line":29,"column":40},"end":{"line":30,"column":41}},"type":"binary-expr","locations":[{"start":{"line":29,"column":40},"end":{"line":30,"column":null}},{"start":{"line":30,"column":32},"end":{"line":30,"column":41}}]}},"s":{"0":0,"1":0,"2":0,"3":0,"4":0,"5":0,"6":0,"7":0,"8":0,"9":0,"10":0,"11":0,"12":0,"13":0,"14":0,"15":0,"16":0,"17":0,"18":0,"19":0,"20":0,"21":0,"22":0,"23":0,"24":0,"25":0,"26":0,"27":0,"28":0,"29":0,"30":0,"31":0,"32":0,"33":0},"f":{"0":0,"1":0},"b":{"0":[0,0],"1":[0],"2":[0],"3":[0,0],"4":[0,0,0],"5":[0,0,0],"6":[0,0],"7":[0,0],"8":[0,0],"9":[0,0],"10":[0,0],"11":[0,0],"12":[0,0],"13":[0,0]}},"C:\\Users\\lucas\\OneDrive\\Desktop\\mythrion\\server\\src\\membership\\membership.service.ts":{"path":"C:\\Users\\lucas\\OneDrive\\Desktop\\mythrion\\server\\src\\membership\\membership.service.ts","statementMap":{"0":{"start":{"lin
[...]
column":4},"end":{"line":893,"column":null}},"type":"if","locations":[{"start":{"line":893,"column":4},"end":{"line":893,"column":null}},{"start":{},"end":{}}]},"137":{"loc":{"start":{"line":895,"column":4},"end":{"line":895,"column":null}},"type":"if","locations":[{"start":{"line":895,"column":4},"end":{"line":895,"column":null}},{"start":{},"end":{}}]},"138":{"loc":{"start":{"line":906,"column":4},"end":{"line":906,"column":null}},"type":"if","locations":[{"start":{"line":906,"column":4},"end":{"line":906,"column":null}},{"start":{},"end":{}}]},"139":{"loc":{"start":{"line":907,"column":4},"end":{"line":907,"column":null}},"type":"if","locations":[{"start":{"line":907,"column":4},"end":{"line":907,"column":null}},{"start":{},"end":{}}]},"140":{"loc":{"start":{"line":912,"column":26},"end":{"line":912,"column":81}},"type":"binary-expr","locations":[{"start":{"line":912,"column":26},"end":{"line":912,"column":51}},{"start":{"line":912,"column":55},"end":{"line":912,"column":73}},{"start":{"line":912,"column":77},"end":{"line":912,"column":81}}]},"141":{"loc":{"start":{"line":918,"column":29},"end":{"line":918,"column":50}},"type":"binary-expr","locations":[{"start":{"line":918,"column":29},"end":{"line":918,"column":42}},{"start":{"line":918,"column":46},"end":{"line":918,"column":50}}]},"142":{"loc":{"start":{"line":940,"column":4},"end":{"line":940,"column":null}},"type":"if","locations":[{"start":{"line":940,"column":4},"end":{"line":940,"column":null}},{"start":{},"end":{}}]},"143":{"loc":{"start":{"line":952,"column":4},"end":{"line":952,"column":null}},"type":"if","locations":[{"start":{"line":952,"column":4},"end":{"line":952,"column":null}},{"start":{},"end":{}}]},"144":{"loc":{"start":{"line":977,"column":4},"end":{"line":977,"column":null}},"type":"if","locations":[{"start":{"line":977,"column":4},"end":{"line":977,"column":null}},{"start":{},"end":{}}]},"145":{"loc":{"start":{"line":992,"column":4},"end":{"line":992,"column":null}},"type":"if","locations":[{"start":{"line":992,"column":4},"end":{"line":992,"column":null}},{"start":{},"end":{}}]},"146":{"loc":{"start":{"line":1007,"column":4},"end":{"line":1007,"column":null}},"type":"if","locations":[{"start":{"line":1007,"column":4},"end":{"line":1007,"column":null}},{"start":{},"end":{}}]},"147":{"loc":{"start":{"line":1022,"column":4},"end":{"line":1022,"column":null}},"type":"if","locations":[{"start":{"line":1022,"column":4},"end":{"line":1022,"column":null}},{"start":{},"end":{}}]},"148":{"loc":{"start":{"line":1037,"column":4},"end":{"line":1037,"column":null}},"type":"if","locations":[{"start":{"line":1037,"column":4},"end":{"line":1037,"column":null}},{"start":{},"end":{}}]},"149":{"loc":{"start":{"line":1041,"column":36},"end":{"line":1041,"column":55}},"type":"binary-expr","locations":[{"start":{"line":1041,"column":36},"end":{"line":1041,"column":47}},{"start":{"line":1041,"column":51},"end":{"line":1041,"column":55}}]},"150":{"loc":{"start":{"line":1041,"column":66},"end":{"line":1041,"column":85}},"type":"binary-expr","locations":[{"start":{"line":1041,"column":66},"end":{"line":1041,"column":77}},{"start":{"line":1041,"column":81},"end":{"line":1041,"column":85}}]},"151":{"loc":{"start":{"line":1041,"column":94},"end":{"line":1041,"column":111}},"type":"binary-expr","locations":[{"start":{"line":1041,"column":94},"end":{"line":1041,"column":103}},{"start":{"line":1041,"column":107},"end":{"line":1041,"column":111}}]},"152":{"loc":{"start":{"line":1052,"column":4},"end":{"line":1052,"column":null}},"type":"if","locations":[{"start":{"line":1052,"column":4},"end":{"line":1052,"column":null}},{"start":{},"end":{}}]},"153":{"loc":{"start":{"line":1065,"column":4},"end":{"line":1065,"column":null}},"type":"if","locations":[{"start":{"line":1065,"column":4},"end":{"line":1065,"column":null}},{"start":{},"end":{}}]},"154":{"loc":{"start":{"line":1086,"column":110},"end":{"line":1086,"column":128}},"type":"binary-expr","locations":[{"start":{"line":1086,"column":110},"end":{"line":1086,"column":120}},{"start":{"line":1086,"column":124},"end":{"line":1086,"column":128}}]},"155":{"loc":{"start":{"line":1086,"column":136},"end":{"line":1086,"column":152}},"type":"binary-expr","locations":[{"start":{"line":1086,"column":136},"end":{"line":1086,"column":144}},{"start":{"line":1086,"column":148},"end":{"line":1086,"column":152}}]},"156":{"loc":{"start":{"line":1086,"column":167},"end":{"line":1086,"column":190}},"type":"binary-expr","locations":[{"start":{"line":1086,"column":167},"end":{"line":1086,"column":182}},{"start":{"line":1086,"column":186},"end":{"line":1086,"column":190}}]},"157":{"loc":{"start":{"line":1093,"column":4},"end":{"line":1093,"column":null}},"type":"if","locations":[{"start":{"line":1093,"column":4},"end":{"line":1093,"column":null}},{"start":{},"end":{}}]},"158":{"loc":{"start":{"line":1102,"column":4},"end":{"line":1102,"column":null}},"type":"if","locations":[{"start":{"line":1102,"column":4},"end":{"line":1102,"column":null}},{"start":{},"end":{}}]},"159":{"loc":{"start":{"line":1114,"column":4},"end":{"line":1116,"column":5}},"type":"if","locations":[{"start":{"line":1114,"column":4},"end":{"line":1116,"column":5}},{"start":{},"end":{}}]},"160":{"loc":{"start":{"line":1146,"column":21},"end":{"line":1146,"column":42}},"type":"binary-expr","locations":[{"start":{"line":1146,"column":21},"end":{"line":1146,"column":36}},{"start":{"line":1146,"column":40},"end":{"line":1146,"column":42}}]},"161":{"loc":{"start":{"line":1147,"column":15},"end":{"line":1147,"column":32}},"type":"binary-expr","locations":[{"start":{"line":1147,"column":15},"end":{"line":1147,"column":24}},{"start":{"line":1147,"column":28},"end":{"line":1147,"column":32}}]},"162":{"loc":{"start":{"line":1158,"column":4},"end":{"line":1158,"column":null}},"type":"if","locations":[{"start":{"line":1158,"column":4},"end":{"line":1158,"column":null}},{"start":{},"end":{}}]},"163":{"loc":{"start":{"line":1171,"column":4},"end":{"line":1171,"column":null}},"type":"if","locations":[{"start":{"line":1171,"column":4},"end":{"line":1171,"column":null}},{"start":{},"end":{}}]},"164":{"loc":{"start":{"line":1184,"column":4},"end":{"line":1184,"column":null}},"type":"if","locations":[{"start":{"line":1184,"column":4},"end":{"line":1184,"column":null}},{"start":{},"end":{}}]},"165":{"loc":{"start":{"line":1185,"column":4},"end":{"line":1189,"column":5}},"type":"if","locations":[{"start":{"line":1185,"column":4},"end":{"line":1189,"column":5}},{"start":{},"end":{}}]},"166":{"loc":{"start":{"line":1186,"column":6},"end":{"line":1186,"column":null}},"type":"if","locations":[{"start":{"line":1186,"column":6},"end":{"line":1186,"column":null}},{"start":{},"end":{}}]},"167":{"loc":{"start":{"line":1196,"column":23},"end":{"line":1196,"column":48}},"type":"binary-expr","locations":[{"start":{"line":1196,"column":23},"end":{"line":1196,"column":42}},{"start":{"line":1196,"column":46},"end":{"line":1196,"column":48}}]},"168":{"loc":{"start":{"line":1202,"column":25},"end":{"line":1202,"column":56}},"type":"binary-expr","locations":[{"start":{"line":1202,"column":25},"end":{"line":1202,"column":44}},{"start":{"line":1202,"column":48},"end":{"line":1202,"column":56}}]},"169":{"loc":{"start":{"line":1205,"column":19},"end":{"line":1205,"column":39}},"type":"binary-expr","locations":[{"start":{"line":1205,"column":19},"end":{"line":1205,"column":33}},{"start":{"line":1205,"column":37},"end":{"line":1205,"column":39}}]},"170":{"loc":{"start":{"line":1207,"column":30},"end":{"line":1207,"column":57}},"type":"binary-expr","locations":[{"start":{"line":1207,"column":30},"end":{"line":1207,"column":48}},{"start":{"line":1207,"column":52},"end":{"line":1207,"column":57}}]},"171":{"loc":{"start":{"line":1208,"column":19},"end":{"line":1208,"column":40}},"type":"binary-expr","locations":[{"start":{"line":1208,"column":19},"end":{"line":1208,"column":33}},{"start":{"line":1208,"column":37},"end":{"line":1208,"column":40}}]},"172":{"loc":{"start":{"line":1213,"column":19},"end":{"line":1213,"column":47}},"type":"binary-expr","locations":[{"start":{"line":1213,"column":19},"end":{"line":1213,"column":41}},{"start":{"line":1213,"column":45},"end":{"line":1213,"column":47}}]},"173":{"loc":{"start":{"line":1215,"column":21},"end":{"line":1215,"column":39}},"type":"binary-expr","locations":[{"start":{"line":1215,"column":21},"end":{"line":1215,"column":31}},{"start":{"line":1215,"column":35},"end":{"line":1215,"column":39}}]},"174":{"loc":{"start":{"line":1231,"column":4},"end":{"line":1231,"column":null}},"type":"if","locations":[{"start":{"line":1231,"column":4},"end":{"line":1231,"column":null}},{"start":{},"end":{}}]},"175":{"loc":{"start":{"line":1232,"column":4},"end":{"line":1236,"column":5}},"type":"if","locations":[{"start":{"line":1232,"column":4},"end":{"line":1236,"column":5}},{"start":{},"end":{}}]},"176":{"loc":{"start":{"line":1233,"column":6},"end":{"line":1233,"column":null}},"type":"if","locations":[{"start":{"line":1233,"column":6},"end":{"line":1233,"column":null}},{"start":{},"end":{}}]},"177":{"loc":{"start":{"line":1243,"column":4},"end":{"line":1247,"column":5}},"type":"if","locations":[{"start":{"line":1243,"column":4},"end":{"line":1247,"column":5}},{"start":{},"end":{}}]},"178":{"loc":{"start":{"line":1243,"column":8},"end":{"line":1243,"column":48}},"type":"binary-expr","locations":[{"start":{"line":1243,"column":8},"end":{"line":1243,"column":16}},{"start":{"line":1243,"column":20},"end":{"line":1243,"column":48}}]},"179":{"loc":{"start":{"line":1270,"column":52},"end":{"line":1270,"column":75}},"type":"binary-expr","locations":[{"start":{"line":1270,"column":52},"end":{"line":1270,"column":67}},{"start":{"line":1270,"column":71},"end":{"line":1270,"column":75}}]},"180":{"loc":{"start":{"line":1279,"column":4},"end":{"line":1279,"column":null}},"type":"if","locations":[{"start":{"line":1279,"column":4},"end":{"line":1279,"column":null}},{"start":{},"end":{}}]},"181":{"loc":{"start":{"line":1292,"column":4},"end":{"line":1292,"column":null}},"type":"if","locations":[{"start":{"line":1292,"column":4},"end":{"line":1292,"column":null}},{"start":{},"end":{}}]},"182":{"loc":{"start":{"line":1301,"column":4},"end":{"line":1301,"column":null}},"type":"if","locations":[{"start":{"line":1301,"column":4},"end":{"line":1301,"column":null}},{"start":{},"end":{}}]},"183":{"loc":{"start":{"line":1302,"column":4},"end":{"line":1310,"column":5}},"type":"if","locations":[{"start":{"line":1302,"column":4},"end":{"line":1310,"column":5}},{"start":{},"end":{}}]},"184":{"loc":{"start":{"line":1304,"column":6},"end":{"line":1304,"column":null}},"type":"if","locations":[{"start":{"line":1304,"column":6},"end":{"line":1304,"column":null}},{"start":{},"end":{}}]},"185":{"loc":{"start":{"line":1314,"column":4},"end":{"line":1314,"column":null}},"type":"if","locations":[{"start":{"line":1314,"column":4},"end":{"line":1314,"column":null}},{"start":{},"end":{}}]},"186":{"loc":{"start":{"line":1315,"column":19},"end":{"line":1315,"column":65}},"type":"binary-expr","locations":[{"start":{"line":1315,"column":19},"end":{"line":1315,"column":59}},{"start":{"line":1315,"column":63},"end":{"line":1315,"column":65}}]},"187":{"loc":{"start":{"line":1320,"column":6},"end":{"line":1320,"column":74}},"type":"if","locations":[{"start":{"line":1320,"column":6},"end":{"line":1320,"column":74}},{"start":{},"end":{}}]},"188":{"loc":{"start":{"line":1320,"column":10},"end":{"line":1320,"column":43}},"type":"binary-expr","locations":[{"start":{"line":1320,"column":10},"end":{"line":1320,"column":27}},{"start":{"line":1320,"column":31},"end":{"line":1320,"column":43}}]},"189":{"loc":{"start":{"line":168,"column":29},"end":{"line":168,"column":null}},"type":"cond-expr","locations":[{"start":{"line":168,"column":42},"end":{"line":168,"column":null}},{"start":{"line":168,"column":42},"end":{"line":168,"column":null}}]},"190":{"loc":{"start":{"line":168,"column":29},"end":{"line":168,"column":42}},"type":"binary-expr","locations":[{"start":{"line":168,"column":29},"end":{"line":168,"column":null}},{"start":{"line":168,"column":29},"end":{"line":168,"column":42}}]},"191":{"loc":{"start":{"line":168,"column":42},"end":{"line":169,"column":null}},"type":"cond-expr","locations":[{"start":{"line":169,"column":50},"end":{"line":169,"column":null}},{"start":{"line":169,"column":50},"end":{"line":169,"column":null}}]},"192":{"loc":{"start":{"line":168,"column":42},"end":{"line":169,"column":50}},"type":"binary-expr","locations":[{"start":{"line":168,"column":42},"end":{"line":169,"column":null}},{"start":{"line":169,"column":33},"end":{"line":169,"column":50}}]},"193":{"loc":{"start":{"line":169,"column":50},"end":{"line":170,"column":null}},"type":"cond-expr","locations":[{"start":{"line":170,"column":40},"end":{"line":170,"column":null}},{"start":{"line":170,"column":40},"end":{"line":170,"column":null}}]},"194":{"loc":{"start":{"line":169,"column":50},"end":{"line":170,"column":40}},"type":"binary-expr","locations":[{"start":{"line":169,"column":50},"end":{"line":170,"column":null}},{"start":{"line":170,"column":28},"end":{"line":170,"column":40}}]}},"s":{"0":0,"1":0,"2":0,"3":0,"4":0,"5":0,"6":0,"7":0,"8":0,"9":0,"10":0,"11":0,"12":0,"13":0,"14":0,"15":0,"16":0,"17":0,"18":0,"19":0,"20":0,"21":0,"22":0,"23":0,"24":0,"25":0,"26":0,"27":0,"28":0,"29":0,"30":0,"31":0,"32":0,"33":0,"34":0,"35":0,"36":0,"37":0,"38":0,"39":0,"40":0,"41":0,"42":0,"43":0,"44":0,"45":0,"46":0,"47":0,"48":0,"49":0,"50":0,"51":0,"52":0,"53":0,"54":0,"55":0,"56":0,"57":0,"58":0,"59":0,"60":0,"61":0,"62":0,"63":0,"64":0,"65":0,"66":0,"67":0,"68":0,"69":0,"70":0,"71":0,"72":0,"73":0,"74":0,"75":0,"76":0,"77":0,"78":0,"79":0,"80":0,"81":0,"82":0,"83":0,"84":0,"85":0,"86":0,"87":0,"88":0,"89":0,"90":0,"91":0,"92":0,"93":0,"94":0,"95":0,"96":0,"97":0,"98":0,"99":0,"100":0,"101":0,"102":0,"103":0,"104":0,"105":0,"106":0,"107":0,"108":0,"109":0,"110":0,"111":0,"112":0,"113":0,"114":0,"115":0,"116":0,"117":0,"118":0,"119":0,"120":0,"121":0,"122":0,"123":0,"124":0,"125":0,"126":0,"127":0,"128":0,"129":0,"130":0,"131":0,"132":0,"133":0,"134":0,"135":0,"136":0,"137":0,"138":0,"139":0,"140":0,"141":0,"142":0,"143":0,"144":0,"145":0,"146":0,"147":0,"148":0,"149":0,"150":0,"151":0,"152":0,"153":0,"154":0,"155":0,"156":0,"157":0,"158":0,"159":0,"160":0,"161":0,"162":0,"163":0,"164":0,"165":0,"166":0,"167":0,"168":0,"169":0,"170":0,"171":0,"172":0,"173":0,"174":0,"175":0,"176":0,"177":0,"178":0,"179":0,"180":0,"181":0,"182":0,"183":0,"184":0,"185":0,"186":0,"187":0,"188":0,"189":0,"190":0,"191":0,"192":0,"193":0,"194":0,"195":0,"196":0,"197":0,"198":0,"199":0,"200":0,"201":0,"202":0,"203":0,"204":0,"205":0,"206":0,"207":0,"208":0,"209":0,"210":0,"211":0,"212":0,"213":0,"214":0,"215":0,"216":0,"217":0,"218":0,"219":0,"220":0,"221":0,"222":0,"223":0,"224":0,"225":0,"226":0,"227":0,"228":0,"229":0,"230":0,"231":0,"232":0,"233":0,"234":0,"235":0,"236":0,"237":0,"238":0,"239":0,"240":0,"241":0,"242":0,"243":0,"244":0,"245":0,"246":0,"247":0,"248":0,"249":0,"250":0,"251":0,"252":0,"253":0,"254":0,"255":0,"256":0,"257":0,"258":0,"259":0,"260":0,"261":0,"262":0,"263":0,"264":0,"265":0,"266":0,"267":0,"268":0,"269":0,"270":0,"271":0,"272":0,"273":0,"274":0,"275":0,"276":0,"277":0,"278":0,"279":0,"280":0,"281":0,"282":0,"283":0,"284":0,"285":0,"286":0,"287":0,"288":0,"289":0,"290":0,"291":0,"292":0,"293":0,"294":0,"295":0,"296":0,"297":0,"298":0,"299":0,"300":0,"301":0,"302":0,"303":0,"304":0,"305":0,"306":0,"307":0,"308":0,"309":0,"310":0,"311":0,"312":0,"313":0,"314":0,"315":0,"316":0,"317":0,"318":0,"319":0,"320":0,"321":0,"322":0,"323":0,"324":0,"325":0,"326":0,"327":0,"328":0,"329":0,"330":0,"331":0,"332":0,"333":0,"334":0,"335":0,"336":0,"337":0,"338":0,"339":0,"340":0,"341":0,"342":0,"343":0,"344":0,"345":0,"346":0,"347":0,"348":0,"349":0,"350":0,"351":0,"352":0,"353":0,"354":0,"355":0,"356":0,"357":0,"358":0,"359":0,"360":0,"361":0,"362":0,"363":0,"364":0,"365":0,"366":0,"367":0,"368":0,"369":0,"370":0,"371":0,"372":0,"373":0,"374":0,"375":0,"376":0,"377":0,"378":0,"379":0,"380":0,"381":0,"382":0,"383":0,"384":0,"385":0,"386":0,"387":0,"388":0,"389":0,"390":0,"391":0,"392":0,"393":0,"394":0,"395":0,"396":0,"397":0,"398":0,"399":0,"400":0,"401":0,"402":0,"403":0,"404":0,"405":0,"406":0,"407":0,"408":0,"409":0,"410":0,"411":0,"412":0,"413":0,"414":0,"415":0,"416":0,"417":0,"418":0,"419":0,"420":0,"421":0,"422":0,"423":0,"424":0,"425":0,"426":0,"427":0,"428":0,"429":0,"430":0,"431":0,"432":0,"433":0,"434":0,"435":0,"436":0,"437":0,"438":0,"439":0,"440":0,"441":0,"442":0,"443":0,"444":0,"445":0,"446":0,"447":0,"448":0,"449":0,"450":0,"451":0,"452":0,"453":0,"454":0,"455":0,"456":0,"457":0,"458":0,"459":0,"460":0,"461":0,"462":0,"463":0,"464":0,"465":0,"466":0,"467":0,"468":0,"469":0,"470":0,"471":0,"472":0,"473":0,"474":0,"475":0,"476":0,"477":0,"478":0,"479":0,"480":0,"481":0},"f":{"0":0,"1":0,"2":0,"3":0,"4":0,"5":0,"6":0,"7":0,"8":0,"9":0,"10":0,"11":0,"12":0,"13":0,"14":0,"15":0,"16":0,"17":0,"18":0,"19":0,"20":0,"21":0,"22":0,"23":0,"24":0,"25":0,"26":0,"27":0,"28":0,"29":0,"30":0,"31":0,"32":0,"33":0,"34":0,"35":0,"36":0,"37":0,"38":0,"39":0,"40":0,"41":0,"42":0,"43":0,"44":0,"45":0,"46":0,"47":0,"48":0,"49":0,"50":0,"51":0,"52":0,"53":0,"54":0,"55":0,"56":0,"57":0,"58":0,"59":0,"60":0,"61":0,"62":0,"63":0,"64":0,"65":0,"66":0,"67":0,"68":0,"69":0,"70":0,"71":0,"72":0,"73":0,"74":0,"75":0,"76":0,"77":0,"78":0,"79":0,"80":0,"81":0,"82":0,"83":0,"84":0,"85":0,"86":0,"87":0,"88":0,"89":0,"90":0,"91":0,"92":0,"93":0,"94":0,"95":0,"96":0,"97":0,"98":0,"99":0,"100":0,"101":0,"102":0,"103":0,"104":0,"105":0,"106":0,"107":0,"108":0,"109":0,"110":0,"111":0,"112":0,"113":0,"114":0},"b":{"0":[0,0],"1":[0,0],"2":[0,0],"3":[0,0],"4":[0,0],"5":[0,0],"6":[0,0],"7":[0,0],"8":[0,0],"9":[0,0],"10":[0,0],"11":[0,0],"12":[0,0,0],"13":[0,0],"14":[0,0],"15":[0,0],"16":[0,0],"17":[0,0],"18":[0,0],"19":[0,0,0],"20":[0,0],"21":[0,0],"22":[0,0],"23":[0,0],"24":[0,0],"25":[0,0],"26":[0,0],"27":[0,0],"28":[0,0],"29":[0,0],"30":[0,0],"31":[0,0],"32":[0,0],"33":[0,0],"34":[0,0],"35":[0,0],"36":[0,0],"37":[0,0],"38":[0,0],"39":[0,0],"40":[0,0],"41":[0,0],"42":[0,0],"43":[0,0],"44":[0,0],"45":[0,0],"46":[0,0],"47":[0,0],"48":[0,0],"49":[0,0],"50":[0,0],"51":[0,0],"52":[0,0],"53":[0,0],"54":[0,0],"55":[0,0],"56":[0,0],"57":[0,0],"58":[0,0],"59":[0,0],"60":[0,0],"61":[0,0],"62":[0,0],"63":[0,0],"64":[0,0],"65":[0,0],"66":[0,0],"67":[0,0],"68":[0,0],"69":[0,0],"70":[0,0],"71":[0,0],"72":[0,0],"73":[0,0],"74":[0,0],"75":[0,0],"76":[0,0],"77":[0,0],"78":[0,0],"79":[0,0],"80":[0,0],"81":[0,0],"82":[0,0],"83":[0,0],"84":[0,0],"85":[0,0],"86":[0,0],"87":[0,0],"88":[0,0],"89":[0,0],"90":[0,0],"91":[0,0],"92":[0,0],"93":[0,0],"94":[0,0],"95":[0,0],"96":[0,0],"97":[0,0],"98":[0,0],"99":[0,0],"100":[0,0],"101":[0,0],"102":[0,0],"103":[0,0],"104":[0,0],"105":[0,0],"106":[0,0],"107":[0,0],"108":[0,0],"109":[0,0],"110":[0,0],"111":[0,0],"112":[0,0],"113":[0,0],"114":[0,0],"115":[0,0],"116":[0,0],"117":[0,0],"118":[0,0],"119":[0,0],"120":[0,0],"121":[0,0],"122":[0,0],"123":[0,0],"124":[0,0],"125":[0,0],"126":[0,0],"127":[0,0],"128":[0,0],"129":[0,0],"130":[0,0],"131":[0,0],"132":[0,0],"133":[0,0],"134":[0,0],"135":[0,0],"136":[0,0],"137":[0,0],"138":[0,0],"139":[0,0],"140":[0,0,0],"141":[0,0],"142":[0,0],"143":[0,0],"144":[0,0],"145":[0,0],"146":[0,0],"147":[0,0],"148":[0,0],"149":[0,0],"150":[0,0],"151":[0,0],"152":[0,0],"153":[0,0],"154":[0,0],"155":[0,0],"156":[0,0],"157":[0,0],"158":[0,0],"159":[0,0],"160":[0,0],"161":[0,0],"162":[0,0],"163":[0,0],"164":[0,0],"165":[0,0],"166":[0,0],"167":[0,0],"168":[0,0],"169":[0,0],"170":[0,0],"171":[0,0],"172":[0,0],"173":[0,0],"174":[0,0],"175":[0,0],"176":[0,0],"177":[0,0],"178":[0,0],"179":[0,0],"180":[0,0],"181":[0,0],"182":[0,0],"183":[0,0],"184":[0,0],"185":[0,0],"186":[0,0],"187":[0,0],"188":[0,0],"189":[0,0],"190":[0,0],"191":[0,0],"192":[0,0],"193":[0,0],"194":[0,0]}}}}
