{"total": {"lines":{"total":999,"covered":977,"skipped":0,"pct":97.79},"statements":{"total":1132,"covered":1089,"skipped":0,"pct":96.2},"functions":{"total":215,"covered":169,"skipped":0,"pct":78.6},"branches":{"total":833,"covered":698,"skipped":0,"pct":83.79},"branchesTrue":{"total":0,"covered":0,"skipped":0,"pct":100}}
,"C:\\Users\\lucas\\OneDrive\\Desktop\\mythrion\\server\\src\\app.service.ts": {"lines":{"total":3,"covered":3,"skipped":0,"pct":100},"functions":{"total":1,"covered":1,"skipped":0,"pct":100},"statements":{"total":5,"covered":5,"skipped":0,"pct":100},"branches":{"total":0,"covered":0,"skipped":0,"pct":100}}
,"C:\\Users\\lucas\\OneDrive\\Desktop\\mythrion\\server\\src\\prisma.service.ts": {"lines":{"total":15,"covered":15,"skipped":0,"pct":100},"functions":{"total":2,"covered":2,"skipped":0,"pct":100},"statements":{"total":17,"covered":17,"skipped":0,"pct":100},"branches":{"total":2,"covered":1,"skipped":0,"pct":50}}
,"C:\\Users\\lucas\\OneDrive\\Desktop\\mythrion\\server\\src\\adventure\\adventure.service.ts": {"lines":{"total":50,"covered":48,"skipped":0,"pct":96},"functions":{"total":10,"covered":10,"skipped":0,"pct":100},"statements":{"total":55,"covered":51,"skipped":0,"pct":92.72},"branches":{"total":46,"covered":35,"skipped":0,"pct":76.08}}
,"C:\\Users\\lucas\\OneDrive\\Desktop\\mythrion\\server\\src\\auth\\auth.service.ts": {"lines":{"total":45,"covered":44,"skipped":0,"pct":97.77},"functions":{"total":10,"covered":10,"skipped":0,"pct":100},"statements":{"total":48,"covered":47,"skipped":0,"pct":97.91},"branches":{"total":28,"covered":25,"skipped":0,"pct":89.28}}
,"C:\\Users\\lucas\\OneDrive\\Desktop\\mythrion\\server\\src\\auth\\jwt-auth.guard.ts": {"lines":{"total":14,"covered":14,"skipped":0,"pct":100},"functions":{"total":2,"covered":2,"skipped":0,"pct":100},"statements":{"total":16,"covered":16,"skipped":0,"pct":100},"branches":{"total":8,"covered":7,"skipped":0,"pct":87.5}}
,"C:\\Users\\lucas\\OneDrive\\Desktop\\mythrion\\server\\src\\auth\\rate-limit.guard.ts": {"lines":{"total":29,"covered":29,"skipped":0,"pct":100},"functions":{"total":2,"covered":2,"skipped":0,"pct":100},"statements":{"total":34,"covered":34,"skipped":0,"pct":100},"branches":{"total":28,"covered":19,"skipped":0,"pct":67.85}}
,"C:\\Users\\lucas\\OneDrive\\Desktop\\mythrion\\server\\src\\auth\\token.service.ts": {"lines":{"total":49,"covered":48,"skipped":0,"pct":97.95},"functions":{"total":5,"covered":5,"skipped":0,"pct":100},"statements":{"total":51,"covered":50,"skipped":0,"pct":98.03},"branches":{"total":20,"covered":17,"skipped":0,"pct":85}}
,"C:\\Users\\lucas\\OneDrive\\Desktop\\mythrion\\server\\src\\character-sheet\\ac-calculation.service.ts": {"lines":{"total":68,"covered":68,"skipped":0,"pct":100},"functions":{"total":7,"covered":7,"skipped":0,"pct":100},"statements":{"total":75,"covered":75,"skipped":0,"pct":100},"branches":{"total":62,"covered":55,"skipped":0,"pct":88.7}}
,"C:\\Users\\lucas\\OneDrive\\Desktop\\mythrion\\server\\src\\character-sheet\\character-sheet.service.ts": {"lines":{"total":412,"covered":410,"skipped":0,"pct":99.51},"functions":{"total":115,"covered":75,"skipped":0,"pct":65.21},"statements":{"total":482,"covered":463,"skipped":0,"pct":96.05},"branches":{"total":393,"covered":333,"skipped":0,"pct":84.73}}
,"C:\\Users\\lucas\\OneDrive\\Desktop\\mythrion\\server\\src\\character-sheet\\resistance-calculation.service.ts": {"lines":{"total":71,"covered":70,"skipped":0,"pct":98.59},"functions":{"total":12,"covered":11,"skipped":0,"pct":91.66},"statements":{"total":78,"covered":77,"skipped":0,"pct":98.71},"branches":{"total":52,"covered":46,"skipped":0,"pct":88.46}}
,"C:\\Users\\lucas\\OneDrive\\Desktop\\mythrion\\server\\src\\email\\email.service.ts": {"lines":{"total":16,"covered":16,"skipped":0,"pct":100},"functions":{"total":3,"covered":3,"skipped":0,"pct":100},"statements":{"total":18,"covered":18,"skipped":0,"pct":100},"branches":{"total":6,"covered":5,"skipped":0,"pct":83.33}}
,"C:\\Users\\lucas\\OneDrive\\Desktop\\mythrion\\server\\src\\formula\\formula.service.ts": {"lines":{"total":70,"covered":68,"skipped":0,"pct":97.14},"functions":{"total":9,"covered":9,"skipped":0,"pct":100},"statements":{"total":77,"covered":74,"skipped":0,"pct":96.1},"branches":{"total":62,"covered":54,"skipped":0,"pct":87.09}}
,"C:\\Users\\lucas\\OneDrive\\Desktop\\mythrion\\server\\src\\invitation\\invitation.service.ts": {"lines":{"total":72,"covered":70,"skipped":0,"pct":97.22},"functions":{"total":9,"covered":9,"skipped":0,"pct":100},"statements":{"total":76,"covered":73,"skipped":0,"pct":96.05},"branches":{"total":61,"covered":43,"skipped":0,"pct":70.49}}
,"C:\\Users\\lucas\\OneDrive\\Desktop\\mythrion\\server\\src\\membership\\membership.service.ts": {"lines":{"total":26,"covered":24,"skipped":0,"pct":92.3},"functions":{"total":12,"covered":10,"skipped":0,"pct":83.33},"statements":{"total":30,"covered":28,"skipped":0,"pct":93.33},"branches":{"total":15,"covered":14,"skipped":0,"pct":93.33}}
,"C:\\Users\\lucas\\OneDrive\\Desktop\\mythrion\\server\\src\\redis\\redis.service.ts": {"lines":{"total":59,"covered":50,"skipped":0,"pct":84.74},"functions":{"total":16,"covered":13,"skipped":0,"pct":81.25},"statements":{"total":70,"covered":61,"skipped":0,"pct":87.14},"branches":{"total":50,"covered":44,"skipped":0,"pct":88}}
}
